{"total": {"lines":{"total":2608,"covered":185,"skipped":0,"pct":7.09},"statements":{"total":2707,"covered":187,"skipped":0,"pct":6.9},"functions":{"total":566,"covered":49,"skipped":0,"pct":8.65},"branches":{"total":1226,"covered":62,"skipped":0,"pct":5.05},"branchesTrue":{"total":0,"covered":0,"skipped":0,"pct":100}}
,"B:\\lpc_linter\\lpc-support\\src\\formatting\\FormattingUtils.ts": {"lines":{"total":95,"covered":0,"skipped":0,"pct":0},"functions":{"total":22,"covered":0,"skipped":0,"pct":0},"statements":{"total":100,"covered":0,"skipped":0,"pct":0},"branches":{"total":58,"covered":0,"skipped":0,"pct":0}}
,"B:\\lpc_linter\\lpc-support\\src\\formatting\\FormattingVisitor.ts": {"lines":{"total":142,"covered":26,"skipped":0,"pct":18.3},"functions":{"total":61,"covered":5,"skipped":0,"pct":8.19},"statements":{"total":149,"covered":27,"skipped":0,"pct":18.12},"branches":{"total":58,"covered":6,"skipped":0,"pct":10.34}}
,"B:\\lpc_linter\\lpc-support\\src\\formatting\\formattingCache.ts": {"lines":{"total":131,"covered":0,"skipped":0,"pct":0},"functions":{"total":16,"covered":0,"skipped":0,"pct":0},"statements":{"total":136,"covered":0,"skipped":0,"pct":0},"branches":{"total":34,"covered":0,"skipped":0,"pct":0}}
,"B:\\lpc_linter\\lpc-support\\src\\formatting\\formattingProvider.ts": {"lines":{"total":38,"covered":0,"skipped":0,"pct":0},"functions":{"total":5,"covered":0,"skipped":0,"pct":0},"statements":{"total":38,"covered":0,"skipped":0,"pct":0},"branches":{"total":12,"covered":0,"skipped":0,"pct":0}}
,"B:\\lpc_linter\\lpc-support\\src\\formatting\\lpcFormatter.ts": {"lines":{"total":382,"covered":0,"skipped":0,"pct":0},"functions":{"total":41,"covered":0,"skipped":0,"pct":0},"statements":{"total":397,"covered":0,"skipped":0,"pct":0},"branches":{"total":164,"covered":0,"skipped":0,"pct":0}}
,"B:\\lpc_linter\\lpc-support\\src\\formatting\\types.ts": {"lines":{"total":1,"covered":1,"skipped":0,"pct":100},"functions":{"total":0,"covered":0,"skipped":0,"pct":100},"statements":{"total":1,"covered":1,"skipped":0,"pct":100},"branches":{"total":0,"covered":0,"skipped":0,"pct":100}}
,"B:\\lpc_linter\\lpc-support\\src\\formatting\\core\\ErrorCollector.ts": {"lines":{"total":27,"covered":13,"skipped":0,"pct":48.14},"functions":{"total":13,"covered":7,"skipped":0,"pct":53.84},"statements":{"total":27,"covered":13,"skipped":0,"pct":48.14},"branches":{"total":9,"covered":4,"skipped":0,"pct":44.44}}
,"B:\\lpc_linter\\lpc-support\\src\\formatting\\core\\ExtendedFormattingContext.ts": {"lines":{"total":77,"covered":17,"skipped":0,"pct":22.07},"functions":{"total":18,"covered":5,"skipped":0,"pct":27.77},"statements":{"total":77,"covered":17,"skipped":0,"pct":22.07},"branches":{"total":42,"covered":3,"skipped":0,"pct":7.14}}
,"B:\\lpc_linter\\lpc-support\\src\\formatting\\core\\FormattingContext.ts": {"lines":{"total":69,"covered":28,"skipped":0,"pct":40.57},"functions":{"total":20,"covered":6,"skipped":0,"pct":30},"statements":{"total":69,"covered":28,"skipped":0,"pct":40.57},"branches":{"total":15,"covered":0,"skipped":0,"pct":0}}
,"B:\\lpc_linter\\lpc-support\\src\\formatting\\core\\FormattingCore.ts": {"lines":{"total":81,"covered":10,"skipped":0,"pct":12.34},"functions":{"total":27,"covered":4,"skipped":0,"pct":14.81},"statements":{"total":81,"covered":10,"skipped":0,"pct":12.34},"branches":{"total":45,"covered":0,"skipped":0,"pct":0}}
,"B:\\lpc_linter\\lpc-support\\src\\formatting\\core\\IndentManager.ts": {"lines":{"total":54,"covered":22,"skipped":0,"pct":40.74},"functions":{"total":15,"covered":8,"skipped":0,"pct":53.33},"statements":{"total":55,"covered":22,"skipped":0,"pct":40},"branches":{"total":21,"covered":7,"skipped":0,"pct":33.33}}
,"B:\\lpc_linter\\lpc-support\\src\\formatting\\core\\LineBreakManager.ts": {"lines":{"total":85,"covered":14,"skipped":0,"pct":16.47},"functions":{"total":20,"covered":4,"skipped":0,"pct":20},"statements":{"total":89,"covered":14,"skipped":0,"pct":15.73},"branches":{"total":77,"covered":10,"skipped":0,"pct":12.98}}
,"B:\\lpc_linter\\lpc-support\\src\\formatting\\core\\TokenUtils.ts": {"lines":{"total":59,"covered":2,"skipped":0,"pct":3.38},"functions":{"total":20,"covered":1,"skipped":0,"pct":5},"statements":{"total":65,"covered":2,"skipped":0,"pct":3.07},"branches":{"total":36,"covered":0,"skipped":0,"pct":0}}
,"B:\\lpc_linter\\lpc-support\\src\\formatting\\formatters\\BlockFormatter.ts": {"lines":{"total":44,"covered":38,"skipped":0,"pct":86.36},"functions":{"total":7,"covered":7,"skipped":0,"pct":100},"statements":{"total":46,"covered":39,"skipped":0,"pct":84.78},"branches":{"total":45,"covered":28,"skipped":0,"pct":62.22}}
,"B:\\lpc_linter\\lpc-support\\src\\formatting\\formatters\\DeclarationFormatter.ts": {"lines":{"total":191,"covered":1,"skipped":0,"pct":0.52},"functions":{"total":30,"covered":0,"skipped":0,"pct":0},"statements":{"total":196,"covered":1,"skipped":0,"pct":0.51},"branches":{"total":145,"covered":0,"skipped":0,"pct":0}}
,"B:\\lpc_linter\\lpc-support\\src\\formatting\\formatters\\ExpressionFormatter.ts": {"lines":{"total":167,"covered":1,"skipped":0,"pct":0.59},"functions":{"total":31,"covered":0,"skipped":0,"pct":0},"statements":{"total":190,"covered":1,"skipped":0,"pct":0.52},"branches":{"total":97,"covered":0,"skipped":0,"pct":0}}
,"B:\\lpc_linter\\lpc-support\\src\\formatting\\formatters\\LiteralFormatter.ts": {"lines":{"total":99,"covered":1,"skipped":0,"pct":1.01},"functions":{"total":9,"covered":0,"skipped":0,"pct":0},"statements":{"total":106,"covered":1,"skipped":0,"pct":0.94},"branches":{"total":61,"covered":0,"skipped":0,"pct":0}}
,"B:\\lpc_linter\\lpc-support\\src\\formatting\\formatters\\StatementFormatter.ts": {"lines":{"total":181,"covered":1,"skipped":0,"pct":0.55},"functions":{"total":25,"covered":0,"skipped":0,"pct":0},"statements":{"total":182,"covered":1,"skipped":0,"pct":0.54},"branches":{"total":103,"covered":0,"skipped":0,"pct":0}}
,"B:\\lpc_linter\\lpc-support\\src\\formatting\\orchestration\\FormattingCache.ts": {"lines":{"total":125,"covered":0,"skipped":0,"pct":0},"functions":{"total":32,"covered":0,"skipped":0,"pct":0},"statements":{"total":126,"covered":0,"skipped":0,"pct":0},"branches":{"total":28,"covered":0,"skipped":0,"pct":0}}
,"B:\\lpc_linter\\lpc-support\\src\\formatting\\orchestration\\FormattingOrchestrator.ts": {"lines":{"total":103,"covered":0,"skipped":0,"pct":0},"functions":{"total":31,"covered":0,"skipped":0,"pct":0},"statements":{"total":104,"covered":0,"skipped":0,"pct":0},"branches":{"total":25,"covered":0,"skipped":0,"pct":0}}
,"B:\\lpc_linter\\lpc-support\\src\\formatting\\orchestration\\FormattingRouter.ts": {"lines":{"total":113,"covered":0,"skipped":0,"pct":0},"functions":{"total":20,"covered":0,"skipped":0,"pct":0},"statements":{"total":114,"covered":0,"skipped":0,"pct":0},"branches":{"total":18,"covered":0,"skipped":0,"pct":0}}
,"B:\\lpc_linter\\lpc-support\\src\\formatting\\orchestration\\FormattingStrategyManager.ts": {"lines":{"total":60,"covered":0,"skipped":0,"pct":0},"functions":{"total":23,"covered":0,"skipped":0,"pct":0},"statements":{"total":65,"covered":0,"skipped":0,"pct":0},"branches":{"total":21,"covered":0,"skipped":0,"pct":0}}
,"B:\\lpc_linter\\lpc-support\\src\\formatting\\orchestration\\FormattingVisitor.ts": {"lines":{"total":82,"covered":0,"skipped":0,"pct":0},"functions":{"total":19,"covered":0,"skipped":0,"pct":0},"statements":{"total":84,"covered":0,"skipped":0,"pct":0},"branches":{"total":28,"covered":0,"skipped":0,"pct":0}}
,"B:\\lpc_linter\\lpc-support\\src\\formatting\\orchestration\\PerformanceMonitor.ts": {"lines":{"total":97,"covered":0,"skipped":0,"pct":0},"functions":{"total":31,"covered":0,"skipped":0,"pct":0},"statements":{"total":103,"covered":0,"skipped":0,"pct":0},"branches":{"total":37,"covered":0,"skipped":0,"pct":0}}
,"B:\\lpc_linter\\lpc-support\\src\\formatting\\orchestration\\types.ts": {"lines":{"total":10,"covered":0,"skipped":0,"pct":0},"functions":{"total":2,"covered":0,"skipped":0,"pct":0},"statements":{"total":10,"covered":0,"skipped":0,"pct":0},"branches":{"total":4,"covered":0,"skipped":0,"pct":0}}
,"B:\\lpc_linter\\lpc-support\\src\\formatting\\orchestration\\strategies\\CompactStrategy.ts": {"lines":{"total":49,"covered":0,"skipped":0,"pct":0},"functions":{"total":15,"covered":0,"skipped":0,"pct":0},"statements":{"total":51,"covered":0,"skipped":0,"pct":0},"branches":{"total":16,"covered":0,"skipped":0,"pct":0}}
,"B:\\lpc_linter\\lpc-support\\src\\formatting\\orchestration\\strategies\\StandardStrategy.ts": {"lines":{"total":36,"covered":0,"skipped":0,"pct":0},"functions":{"total":11,"covered":0,"skipped":0,"pct":0},"statements":{"total":36,"covered":0,"skipped":0,"pct":0},"branches":{"total":23,"covered":0,"skipped":0,"pct":0}}
,"B:\\lpc_linter\\lpc-support\\src\\formatting\\types\\interfaces.ts": {"lines":{"total":10,"covered":10,"skipped":0,"pct":100},"functions":{"total":2,"covered":2,"skipped":0,"pct":100},"statements":{"total":10,"covered":10,"skipped":0,"pct":100},"branches":{"total":4,"covered":4,"skipped":0,"pct":100}}
}
