TN:
SF:src\formatting\FormattingUtils.ts
FN:14,(anonymous_0)
FN:23,(anonymous_1)
FN:39,(anonymous_2)
FN:55,(anonymous_3)
FN:68,(anonymous_4)
FN:121,(anonymous_5)
FN:136,(anonymous_6)
FN:150,(anonymous_7)
FN:166,(anonymous_8)
FN:184,(anonymous_9)
FN:188,(anonymous_10)
FN:200,(anonymous_11)
FN:223,(anonymous_12)
FN:230,(anonymous_13)
FN:237,(anonymous_14)
FN:244,(anonymous_15)
FN:253,(anonymous_16)
FN:288,(anonymous_17)
FN:292,(anonymous_18)
FN:298,(anonymous_19)
FN:310,(anonymous_20)
FN:317,(anonymous_21)
FNF:22
FNH:0
FNDA:0,(anonymous_0)
FNDA:0,(anonymous_1)
FNDA:0,(anonymous_2)
FNDA:0,(anonymous_3)
FNDA:0,(anonymous_4)
FNDA:0,(anonymous_5)
FNDA:0,(anonymous_6)
FNDA:0,(anonymous_7)
FNDA:0,(anonymous_8)
FNDA:0,(anonymous_9)
FNDA:0,(anonymous_10)
FNDA:0,(anonymous_11)
FNDA:0,(anonymous_12)
FNDA:0,(anonymous_13)
FNDA:0,(anonymous_14)
FNDA:0,(anonymous_15)
FNDA:0,(anonymous_16)
FNDA:0,(anonymous_17)
FNDA:0,(anonymous_18)
FNDA:0,(anonymous_19)
FNDA:0,(anonymous_20)
FNDA:0,(anonymous_21)
DA:9,0
DA:12,0
DA:15,0
DA:16,0
DA:24,0
DA:25,0
DA:27,0
DA:28,0
DA:30,0
DA:31,0
DA:32,0
DA:40,0
DA:42,0
DA:43,0
DA:45,0
DA:46,0
DA:47,0
DA:56,0
DA:57,0
DA:58,0
DA:59,0
DA:61,0
DA:79,0
DA:81,0
DA:89,0
DA:93,0
DA:95,0
DA:96,0
DA:98,0
DA:99,0
DA:100,0
DA:101,0
DA:103,0
DA:106,0
DA:107,0
DA:108,0
DA:111,0
DA:122,0
DA:124,0
DA:125,0
DA:129,0
DA:137,0
DA:138,0
DA:141,0
DA:142,0
DA:144,0
DA:151,0
DA:154,0
DA:155,0
DA:156,0
DA:160,0
DA:167,0
DA:168,0
DA:171,0
DA:172,0
DA:174,0
DA:175,0
DA:178,0
DA:185,0
DA:188,0
DA:189,0
DA:190,0
DA:191,0
DA:194,0
DA:201,0
DA:202,0
DA:205,0
DA:206,0
DA:208,0
DA:209,0
DA:210,0
DA:211,0
DA:213,0
DA:217,0
DA:224,0
DA:231,0
DA:238,0
DA:245,0
DA:246,0
DA:254,0
DA:282,0
DA:284,0
DA:285,0
DA:286,0
DA:289,0
DA:293,0
DA:294,0
DA:295,0
DA:299,0
DA:300,0
DA:301,0
DA:302,0
DA:304,0
DA:311,0
DA:318,0
LF:95
LH:0
BRDA:24,0,0,0
BRDA:24,0,1,0
BRDA:27,1,0,0
BRDA:27,1,1,0
BRDA:42,2,0,0
BRDA:42,2,1,0
BRDA:55,3,0,0
BRDA:56,4,0,0
BRDA:56,4,1,0
BRDA:56,5,0,0
BRDA:56,5,1,0
BRDA:58,6,0,0
BRDA:58,7,0,0
BRDA:58,7,1,0
BRDA:71,8,0,0
BRDA:79,9,0,0
BRDA:89,10,0,0
BRDA:89,10,1,0
BRDA:89,10,2,0
BRDA:93,11,0,0
BRDA:93,11,1,0
BRDA:100,12,0,0
BRDA:112,13,0,0
BRDA:112,13,1,0
BRDA:121,14,0,0
BRDA:122,15,0,0
BRDA:124,16,0,0
BRDA:124,16,1,0
BRDA:129,17,0,0
BRDA:129,17,1,0
BRDA:136,18,0,0
BRDA:138,19,0,0
BRDA:138,19,1,0
BRDA:141,20,0,0
BRDA:141,20,1,0
BRDA:154,21,0,0
BRDA:155,22,0,0
BRDA:167,23,0,0
BRDA:167,24,0,0
BRDA:167,24,1,0
BRDA:167,24,2,0
BRDA:167,24,3,0
BRDA:174,25,0,0
BRDA:185,26,0,0
BRDA:191,27,0,0
BRDA:191,27,1,0
BRDA:191,28,0,0
BRDA:191,28,1,0
BRDA:200,29,0,0
BRDA:201,30,0,0
BRDA:209,31,0,0
BRDA:209,31,1,0
BRDA:210,32,0,0
BRDA:210,32,1,0
BRDA:245,33,0,0
BRDA:293,34,0,0
BRDA:293,34,1,0
BRDA:300,35,0,0
BRF:58
BRH:0
end_of_record
TN:
SF:src\formatting\FormattingVisitor.ts
FN:57,(anonymous_0)
FN:64,(anonymous_1)
FN:68,(anonymous_2)
FN:72,(anonymous_3)
FN:76,(anonymous_4)
FN:80,(anonymous_5)
FN:84,(anonymous_6)
FN:121,(anonymous_7)
FN:173,(anonymous_8)
FN:185,(anonymous_9)
FN:199,(anonymous_10)
FN:231,(anonymous_11)
FN:235,(anonymous_12)
FN:239,(anonymous_13)
FN:243,(anonymous_14)
FN:247,(anonymous_15)
FN:251,(anonymous_16)
FN:255,(anonymous_17)
FN:259,(anonymous_18)
FN:263,(anonymous_19)
FN:267,(anonymous_20)
FN:271,(anonymous_21)
FN:275,(anonymous_22)
FN:282,(anonymous_23)
FN:289,(anonymous_24)
FN:296,(anonymous_25)
FN:300,(anonymous_26)
FN:304,(anonymous_27)
FN:308,(anonymous_28)
FN:312,(anonymous_29)
FN:316,(anonymous_30)
FN:323,(anonymous_31)
FN:330,(anonymous_32)
FN:334,(anonymous_33)
FN:338,(anonymous_34)
FN:342,(anonymous_35)
FN:349,(anonymous_36)
FN:353,(anonymous_37)
FN:357,(anonymous_38)
FN:361,(anonymous_39)
FN:365,(anonymous_40)
FN:369,(anonymous_41)
FN:374,(anonymous_42)
FN:379,(anonymous_43)
FN:384,(anonymous_44)
FN:389,(anonymous_45)
FN:394,(anonymous_46)
FN:399,(anonymous_47)
FN:404,(anonymous_48)
FN:409,(anonymous_49)
FN:414,(anonymous_50)
FN:419,(anonymous_51)
FN:424,(anonymous_52)
FN:431,(anonymous_53)
FN:438,(anonymous_54)
FN:446,(anonymous_55)
FN:463,(anonymous_56)
FN:471,(anonymous_57)
FN:479,(anonymous_58)
FN:487,(anonymous_59)
FN:495,(anonymous_60)
FNF:61
FNH:5
FNDA:152,(anonymous_0)
FNDA:3,(anonymous_1)
FNDA:5,(anonymous_2)
FNDA:1190,(anonymous_3)
FNDA:0,(anonymous_4)
FNDA:0,(anonymous_5)
FNDA:1190,(anonymous_6)
FNDA:0,(anonymous_7)
FNDA:0,(anonymous_8)
FNDA:0,(anonymous_9)
FNDA:0,(anonymous_10)
FNDA:0,(anonymous_11)
FNDA:0,(anonymous_12)
FNDA:0,(anonymous_13)
FNDA:0,(anonymous_14)
FNDA:0,(anonymous_15)
FNDA:0,(anonymous_16)
FNDA:0,(anonymous_17)
FNDA:0,(anonymous_18)
FNDA:0,(anonymous_19)
FNDA:0,(anonymous_20)
FNDA:0,(anonymous_21)
FNDA:0,(anonymous_22)
FNDA:0,(anonymous_23)
FNDA:0,(anonymous_24)
FNDA:0,(anonymous_25)
FNDA:0,(anonymous_26)
FNDA:0,(anonymous_27)
FNDA:0,(anonymous_28)
FNDA:0,(anonymous_29)
FNDA:0,(anonymous_30)
FNDA:0,(anonymous_31)
FNDA:0,(anonymous_32)
FNDA:0,(anonymous_33)
FNDA:0,(anonymous_34)
FNDA:0,(anonymous_35)
FNDA:0,(anonymous_36)
FNDA:0,(anonymous_37)
FNDA:0,(anonymous_38)
FNDA:0,(anonymous_39)
FNDA:0,(anonymous_40)
FNDA:0,(anonymous_41)
FNDA:0,(anonymous_42)
FNDA:0,(anonymous_43)
FNDA:0,(anonymous_44)
FNDA:0,(anonymous_45)
FNDA:0,(anonymous_46)
FNDA:0,(anonymous_47)
FNDA:0,(anonymous_48)
FNDA:0,(anonymous_49)
FNDA:0,(anonymous_50)
FNDA:0,(anonymous_51)
FNDA:0,(anonymous_52)
FNDA:0,(anonymous_53)
FNDA:0,(anonymous_54)
FNDA:0,(anonymous_55)
FNDA:0,(anonymous_56)
FNDA:0,(anonymous_57)
FNDA:0,(anonymous_58)
FNDA:0,(anonymous_59)
FNDA:0,(anonymous_60)
DA:1,2
DA:51,2
DA:53,2
DA:55,152
DA:58,152
DA:59,152
DA:61,152
DA:65,3
DA:69,5
DA:73,1190
DA:77,0
DA:81,0
DA:85,1190
DA:87,1190
DA:88,1190
DA:89,1190
DA:91,1190
DA:92,5299
DA:93,5299
DA:94,5299
DA:96,5294
DA:99,5294
DA:100,4106
DA:103,5
DA:105,5
DA:110,1190
DA:111,8
DA:114,1190
DA:116,0
DA:117,0
DA:122,0
DA:125,0
DA:126,0
DA:127,0
DA:131,0
DA:132,0
DA:133,0
DA:134,0
DA:139,0
DA:140,0
DA:144,0
DA:145,0
DA:146,0
DA:147,0
DA:148,0
DA:149,0
DA:150,0
DA:152,0
DA:155,0
DA:158,0
DA:159,0
DA:160,0
DA:162,0
DA:164,0
DA:167,0
DA:174,0
DA:187,0
DA:191,0
DA:193,0
DA:196,0
DA:200,0
DA:203,0
DA:204,0
DA:205,0
DA:209,0
DA:210,0
DA:211,0
DA:212,0
DA:214,0
DA:217,0
DA:232,0
DA:236,0
DA:240,0
DA:244,0
DA:248,0
DA:252,0
DA:256,0
DA:260,0
DA:264,0
DA:268,0
DA:272,0
DA:276,0
DA:283,0
DA:290,0
DA:297,0
DA:301,0
DA:305,0
DA:309,0
DA:313,0
DA:317,0
DA:324,0
DA:331,0
DA:335,0
DA:339,0
DA:343,0
DA:346,0
DA:350,0
DA:354,0
DA:358,0
DA:362,0
DA:366,0
DA:370,0
DA:375,0
DA:380,0
DA:385,0
DA:390,0
DA:395,0
DA:400,0
DA:405,0
DA:410,0
DA:415,0
DA:420,0
DA:425,0
DA:432,0
DA:439,0
DA:447,0
DA:448,0
DA:451,0
DA:452,0
DA:453,0
DA:454,0
DA:455,0
DA:459,0
DA:464,0
DA:472,0
DA:480,0
DA:488,0
DA:505,0
DA:507,0
DA:514,0
DA:518,0
DA:520,0
DA:521,0
DA:523,0
DA:524,0
DA:525,0
DA:526,0
DA:528,0
DA:531,0
DA:532,0
DA:533,0
DA:536,0
LF:142
LH:26
BRDA:85,0,0,0
BRDA:89,1,0,1190
BRDA:89,1,1,0
BRDA:99,2,0,4106
BRDA:103,3,0,5
BRDA:103,3,1,0
BRDA:110,4,0,8
BRDA:110,5,0,1190
BRDA:110,5,1,1190
BRDA:116,6,0,0
BRDA:116,6,1,0
BRDA:126,7,0,0
BRDA:131,8,0,0
BRDA:131,9,0,0
BRDA:131,9,1,0
BRDA:133,10,0,0
BRDA:139,11,0,0
BRDA:139,12,0,0
BRDA:139,12,1,0
BRDA:146,13,0,0
BRDA:147,14,0,0
BRDA:147,14,1,0
BRDA:149,15,0,0
BRDA:150,16,0,0
BRDA:150,16,1,0
BRDA:158,17,0,0
BRDA:158,18,0,0
BRDA:158,18,1,0
BRDA:159,19,0,0
BRDA:159,19,1,0
BRDA:162,20,0,0
BRDA:162,20,1,0
BRDA:187,21,0,0
BRDA:187,21,1,0
BRDA:191,22,0,0
BRDA:191,23,0,0
BRDA:191,23,1,0
BRDA:204,24,0,0
BRDA:211,25,0,0
BRDA:212,26,0,0
BRDA:212,26,1,0
BRDA:353,27,0,0
BRDA:447,28,0,0
BRDA:447,29,0,0
BRDA:447,29,1,0
BRDA:454,30,0,0
BRDA:479,31,0,0
BRDA:487,32,0,0
BRDA:498,33,0,0
BRDA:505,34,0,0
BRDA:514,35,0,0
BRDA:514,35,1,0
BRDA:514,35,2,0
BRDA:518,36,0,0
BRDA:518,36,1,0
BRDA:525,37,0,0
BRDA:537,38,0,0
BRDA:537,38,1,0
BRF:58
BRH:6
end_of_record
TN:
SF:src\formatting\formattingCache.ts
FN:32,(anonymous_0)
FN:37,(anonymous_1)
FN:40,(anonymous_2)
FN:51,(anonymous_3)
FN:64,(anonymous_4)
FN:101,(anonymous_5)
FN:142,(anonymous_6)
FN:145,(anonymous_7)
FN:171,(anonymous_8)
FN:181,(anonymous_9)
FN:207,(anonymous_10)
FN:216,(anonymous_11)
FN:267,(anonymous_12)
FN:297,(anonymous_13)
FN:329,(anonymous_14)
FN:342,(anonymous_15)
FNF:16
FNH:0
FNDA:0,(anonymous_0)
FNDA:0,(anonymous_1)
FNDA:0,(anonymous_2)
FNDA:0,(anonymous_3)
FNDA:0,(anonymous_4)
FNDA:0,(anonymous_5)
FNDA:0,(anonymous_6)
FNDA:0,(anonymous_7)
FNDA:0,(anonymous_8)
FNDA:0,(anonymous_9)
FNDA:0,(anonymous_10)
FNDA:0,(anonymous_11)
FNDA:0,(anonymous_12)
FNDA:0,(anonymous_13)
FNDA:0,(anonymous_14)
FNDA:0,(anonymous_15)
DA:9,0
DA:10,0
DA:11,0
DA:12,0
DA:13,0
DA:14,0
DA:17,0
DA:33,0
DA:34,0
DA:37,0
DA:42,0
DA:43,0
DA:44,0
DA:45,0
DA:46,0
DA:48,0
DA:53,0
DA:61,0
DA:65,0
DA:66,0
DA:67,0
DA:69,0
DA:70,0
DA:71,0
DA:75,0
DA:76,0
DA:77,0
DA:78,0
DA:79,0
DA:80,0
DA:81,0
DA:85,0
DA:86,0
DA:87,0
DA:88,0
DA:89,0
DA:90,0
DA:91,0
DA:92,0
DA:96,0
DA:97,0
DA:98,0
DA:102,0
DA:103,0
DA:104,0
DA:107,0
DA:109,0
DA:113,0
DA:114,0
DA:115,0
DA:116,0
DA:120,0
DA:123,0
DA:131,0
DA:132,0
DA:135,0
DA:136,0
DA:137,0
DA:139,0
DA:144,0
DA:145,0
DA:147,0
DA:150,0
DA:151,0
DA:152,0
DA:153,0
DA:154,0
DA:155,0
DA:159,0
DA:160,0
DA:161,0
DA:162,0
DA:163,0
DA:164,0
DA:165,0
DA:168,0
DA:172,0
DA:173,0
DA:174,0
DA:175,0
DA:182,0
DA:183,0
DA:184,0
DA:186,0
DA:187,0
DA:188,0
DA:189,0
DA:190,0
DA:191,0
DA:195,0
DA:196,0
DA:197,0
DA:198,0
DA:199,0
DA:200,0
DA:208,0
DA:209,0
DA:217,0
DA:220,0
DA:223,0
DA:226,0
DA:272,0
DA:273,0
DA:280,0
DA:281,0
DA:283,0
DA:284,0
DA:285,0
DA:286,0
DA:287,0
DA:288,0
DA:290,0
DA:298,0
DA:300,0
DA:303,0
DA:304,0
DA:307,0
DA:308,0
DA:311,0
DA:312,0
DA:315,0
DA:316,0
DA:319,0
DA:320,0
DA:323,0
DA:330,0
DA:332,0
DA:333,0
DA:334,0
DA:336,0
DA:343,0
LF:131
LH:0
BRDA:33,0,0,0
BRDA:34,1,0,0
BRDA:69,2,0,0
BRDA:76,3,0,0
BRDA:85,4,0,0
BRDA:107,5,0,0
BRDA:114,6,0,0
BRDA:136,7,0,0
BRDA:159,8,0,0
BRDA:159,8,1,0
BRDA:187,9,0,0
BRDA:195,10,0,0
BRDA:208,11,0,0
BRDA:217,12,0,0
BRDA:217,12,1,0
BRDA:220,13,0,0
BRDA:220,13,1,0
BRDA:223,14,0,0
BRDA:223,14,1,0
BRDA:272,15,0,0
BRDA:283,16,0,0
BRDA:283,16,1,0
BRDA:285,17,0,0
BRDA:285,17,1,0
BRDA:287,18,0,0
BRDA:287,18,1,0
BRDA:300,19,0,0
BRDA:300,19,1,0
BRDA:303,20,0,0
BRDA:307,21,0,0
BRDA:311,22,0,0
BRDA:315,23,0,0
BRDA:319,24,0,0
BRDA:330,25,0,0
BRF:34
BRH:0
end_of_record
TN:
SF:src\formatting\formattingProvider.ts
FN:27,(anonymous_9)
FN:31,(anonymous_10)
FN:70,(anonymous_11)
FN:94,(anonymous_12)
FN:134,(anonymous_13)
FNF:5
FNH:0
FNDA:0,(anonymous_9)
FNDA:0,(anonymous_10)
FNDA:0,(anonymous_11)
FNDA:0,(anonymous_12)
FNDA:0,(anonymous_13)
DA:1,0
DA:2,0
DA:3,0
DA:20,0
DA:28,0
DA:37,0
DA:38,0
DA:41,0
DA:42,0
DA:43,0
DA:45,0
DA:47,0
DA:49,0
DA:50,0
DA:55,0
DA:61,0
DA:64,0
DA:65,0
DA:66,0
DA:77,0
DA:78,0
DA:81,0
DA:82,0
DA:83,0
DA:85,0
DA:88,0
DA:89,0
DA:90,0
DA:102,0
DA:103,0
DA:106,0
DA:107,0
DA:108,0
DA:110,0
DA:113,0
DA:114,0
DA:136,0
DA:138,0
LF:38
LH:0
BRDA:37,0,0,0
BRDA:47,1,0,0
BRDA:65,2,0,0
BRDA:65,2,1,0
BRDA:77,3,0,0
BRDA:89,4,0,0
BRDA:89,4,1,0
BRDA:102,5,0,0
BRDA:140,6,0,0
BRDA:140,6,1,0
BRDA:141,7,0,0
BRDA:141,7,1,0
BRF:12
BRH:0
end_of_record
TN:
SF:src\formatting\lpcFormatter.ts
FN:34,(anonymous_9)
FN:60,(anonymous_10)
FN:169,(anonymous_11)
FN:175,(anonymous_12)
FN:185,(anonymous_13)
FN:189,(anonymous_14)
FN:204,(anonymous_15)
FN:232,(anonymous_16)
FN:278,(anonymous_17)
FN:317,(anonymous_18)
FN:327,(anonymous_19)
FN:329,(anonymous_20)
FN:344,(anonymous_21)
FN:367,(anonymous_22)
FN:388,(anonymous_23)
FN:421,(anonymous_24)
FN:458,(anonymous_25)
FN:482,(anonymous_26)
FN:500,(anonymous_27)
FN:620,(anonymous_28)
FN:668,(anonymous_29)
FN:711,(anonymous_30)
FN:732,(anonymous_31)
FN:767,(anonymous_32)
FN:792,(anonymous_33)
FN:798,(anonymous_34)
FN:799,(anonymous_35)
FN:815,(anonymous_36)
FN:840,(anonymous_37)
FN:868,(anonymous_38)
FN:902,(anonymous_39)
FN:958,(anonymous_40)
FN:996,(anonymous_41)
FN:1025,(anonymous_42)
FN:1046,(anonymous_43)
FN:1047,(anonymous_44)
FN:1048,(anonymous_45)
FN:1049,(anonymous_46)
FN:1050,(anonymous_47)
FN:1051,(anonymous_48)
FN:1053,(anonymous_49)
FNF:41
FNH:0
FNDA:0,(anonymous_9)
FNDA:0,(anonymous_10)
FNDA:0,(anonymous_11)
FNDA:0,(anonymous_12)
FNDA:0,(anonymous_13)
FNDA:0,(anonymous_14)
FNDA:0,(anonymous_15)
FNDA:0,(anonymous_16)
FNDA:0,(anonymous_17)
FNDA:0,(anonymous_18)
FNDA:0,(anonymous_19)
FNDA:0,(anonymous_20)
FNDA:0,(anonymous_21)
FNDA:0,(anonymous_22)
FNDA:0,(anonymous_23)
FNDA:0,(anonymous_24)
FNDA:0,(anonymous_25)
FNDA:0,(anonymous_26)
FNDA:0,(anonymous_27)
FNDA:0,(anonymous_28)
FNDA:0,(anonymous_29)
FNDA:0,(anonymous_30)
FNDA:0,(anonymous_31)
FNDA:0,(anonymous_32)
FNDA:0,(anonymous_33)
FNDA:0,(anonymous_34)
FNDA:0,(anonymous_35)
FNDA:0,(anonymous_36)
FNDA:0,(anonymous_37)
FNDA:0,(anonymous_38)
FNDA:0,(anonymous_39)
FNDA:0,(anonymous_40)
FNDA:0,(anonymous_41)
FNDA:0,(anonymous_42)
FNDA:0,(anonymous_43)
FNDA:0,(anonymous_44)
FNDA:0,(anonymous_45)
FNDA:0,(anonymous_46)
FNDA:0,(anonymous_47)
FNDA:0,(anonymous_48)
FNDA:0,(anonymous_49)
DA:1,0
DA:3,0
DA:4,0
DA:5,0
DA:6,0
DA:7,0
DA:25,0
DA:27,0
DA:38,0
DA:39,0
DA:40,0
DA:42,0
DA:61,0
DA:62,0
DA:63,0
DA:65,0
DA:67,0
DA:68,0
DA:69,0
DA:76,0
DA:77,0
DA:78,0
DA:79,0
DA:86,0
DA:87,0
DA:88,0
DA:95,0
DA:96,0
DA:98,0
DA:99,0
DA:111,0
DA:112,0
DA:113,0
DA:119,0
DA:126,0
DA:127,0
DA:130,0
DA:131,0
DA:132,0
DA:134,0
DA:135,0
DA:143,0
DA:144,0
DA:148,0
DA:149,0
DA:151,0
DA:157,0
DA:158,0
DA:160,0
DA:162,0
DA:170,0
DA:171,0
DA:176,0
DA:186,0
DA:190,0
DA:192,0
DA:194,0
DA:195,0
DA:198,0
DA:199,0
DA:202,0
DA:203,0
DA:205,0
DA:210,0
DA:215,0
DA:217,0
DA:220,0
DA:221,0
DA:227,0
DA:228,0
DA:233,0
DA:234,0
DA:235,0
DA:236,0
DA:239,0
DA:240,0
DA:243,0
DA:246,0
DA:248,0
DA:250,0
DA:253,0
DA:254,0
DA:259,0
DA:260,0
DA:262,0
DA:263,0
DA:270,0
DA:273,0
DA:274,0
DA:279,0
DA:280,0
DA:283,0
DA:284,0
DA:285,0
DA:286,0
DA:288,0
DA:292,0
DA:293,0
DA:294,0
DA:295,0
DA:297,0
DA:299,0
DA:300,0
DA:301,0
DA:302,0
DA:303,0
DA:304,0
DA:305,0
DA:306,0
DA:309,0
DA:311,0
DA:314,0
DA:318,0
DA:319,0
DA:320,0
DA:321,0
DA:324,0
DA:328,0
DA:329,0
DA:330,0
DA:331,0
DA:334,0
DA:335,0
DA:336,0
DA:338,0
DA:341,0
DA:345,0
DA:346,0
DA:347,0
DA:350,0
DA:352,0
DA:354,0
DA:356,0
DA:358,0
DA:362,0
DA:363,0
DA:368,0
DA:369,0
DA:372,0
DA:373,0
DA:374,0
DA:375,0
DA:377,0
DA:378,0
DA:385,0
DA:389,0
DA:390,0
DA:393,0
DA:394,0
DA:397,0
DA:398,0
DA:399,0
DA:411,0
DA:412,0
DA:418,0
DA:422,0
DA:423,0
DA:426,0
DA:427,0
DA:428,0
DA:430,0
DA:431,0
DA:444,0
DA:445,0
DA:446,0
DA:447,0
DA:448,0
DA:455,0
DA:459,0
DA:460,0
DA:463,0
DA:464,0
DA:466,0
DA:467,0
DA:468,0
DA:469,0
DA:470,0
DA:474,0
DA:475,0
DA:479,0
DA:483,0
DA:484,0
DA:485,0
DA:486,0
DA:487,0
DA:488,0
DA:490,0
DA:493,0
DA:502,0
DA:503,0
DA:504,0
DA:507,0
DA:508,0
DA:509,0
DA:510,0
DA:511,0
DA:513,0
DA:514,0
DA:515,0
DA:516,0
DA:518,0
DA:521,0
DA:522,0
DA:523,0
DA:526,0
DA:527,0
DA:528,0
DA:530,0
DA:531,0
DA:533,0
DA:534,0
DA:535,0
DA:536,0
DA:542,0
DA:544,0
DA:547,0
DA:548,0
DA:549,0
DA:550,0
DA:552,0
DA:553,0
DA:554,0
DA:555,0
DA:558,0
DA:559,0
DA:560,0
DA:562,0
DA:563,0
DA:565,0
DA:566,0
DA:567,0
DA:570,0
DA:571,0
DA:572,0
DA:575,0
DA:576,0
DA:577,0
DA:579,0
DA:583,0
DA:584,0
DA:585,0
DA:586,0
DA:590,0
DA:591,0
DA:595,0
DA:596,0
DA:597,0
DA:601,0
DA:604,0
DA:609,0
DA:610,0
DA:613,0
DA:621,0
DA:623,0
DA:625,0
DA:627,0
DA:628,0
DA:630,0
DA:633,0
DA:634,0
DA:635,0
DA:636,0
DA:640,0
DA:641,0
DA:642,0
DA:645,0
DA:646,0
DA:647,0
DA:649,0
DA:653,0
DA:658,0
DA:661,0
DA:673,0
DA:674,0
DA:675,0
DA:677,0
DA:678,0
DA:680,0
DA:681,0
DA:683,0
DA:684,0
DA:685,0
DA:686,0
DA:687,0
DA:691,0
DA:692,0
DA:693,0
DA:694,0
DA:696,0
DA:702,0
DA:705,0
DA:713,0
DA:714,0
DA:715,0
DA:720,0
DA:721,0
DA:722,0
DA:726,0
DA:736,0
DA:739,0
DA:740,0
DA:752,0
DA:753,0
DA:761,0
DA:771,0
DA:772,0
DA:774,0
DA:775,0
DA:786,0
DA:798,0
DA:799,0
DA:801,0
DA:802,0
DA:805,0
DA:806,0
DA:815,0
DA:816,0
DA:821,0
DA:822,0
DA:830,0
DA:848,0
DA:851,0
DA:853,0
DA:855,0
DA:863,0
DA:864,0
DA:865,0
DA:867,0
DA:868,0
DA:869,0
DA:877,0
DA:885,0
DA:887,0
DA:896,0
DA:907,0
DA:910,0
DA:911,0
DA:924,0
DA:925,0
DA:926,0
DA:935,0
DA:936,0
DA:937,0
DA:949,0
DA:962,0
DA:963,0
DA:964,0
DA:965,0
DA:967,0
DA:968,0
DA:970,0
DA:971,0
DA:972,0
DA:973,0
DA:974,0
DA:975,0
DA:983,0
DA:984,0
DA:990,0
DA:1002,0
DA:1008,0
DA:1014,0
DA:1015,0
DA:1016,0
DA:1019,0
DA:1028,0
DA:1029,0
DA:1030,0
DA:1031,0
DA:1034,0
DA:1037,0
DA:1046,0
DA:1047,0
DA:1048,0
DA:1049,0
DA:1050,0
DA:1051,0
DA:1054,0
DA:1055,0
DA:1057,0
DA:1058,0
DA:1059,0
LF:382
LH:0
BRDA:68,0,0,0
BRDA:77,1,0,0
BRDA:87,2,0,0
BRDA:98,3,0,0
BRDA:112,4,0,0
BRDA:115,5,0,0
BRDA:115,5,1,0
BRDA:131,6,0,0
BRDA:134,7,0,0
BRDA:143,8,0,0
BRDA:143,9,0,0
BRDA:143,9,1,0
BRDA:179,10,0,0
BRDA:179,10,1,0
BRDA:224,11,0,0
BRDA:224,11,1,0
BRDA:248,12,0,0
BRDA:262,13,0,0
BRDA:285,14,0,0
BRDA:285,15,0,0
BRDA:285,15,1,0
BRDA:285,15,2,0
BRDA:285,15,3,0
BRDA:294,16,0,0
BRDA:294,17,0,0
BRDA:294,17,1,0
BRDA:297,18,0,0
BRDA:302,19,0,0
BRDA:302,19,1,0
BRDA:303,20,0,0
BRDA:303,20,1,0
BRDA:304,21,0,0
BRDA:320,22,0,0
BRDA:330,23,0,0
BRDA:336,24,0,0
BRDA:336,24,1,0
BRDA:350,25,0,0
BRDA:350,25,1,0
BRDA:350,25,2,0
BRDA:350,25,3,0
BRDA:372,26,0,0
BRDA:377,27,0,0
BRDA:398,28,0,0
BRDA:411,29,0,0
BRDA:411,30,0,0
BRDA:411,30,1,0
BRDA:411,30,2,0
BRDA:426,31,0,0
BRDA:430,32,0,0
BRDA:445,33,0,0
BRDA:445,34,0,0
BRDA:445,34,1,0
BRDA:447,35,0,0
BRDA:466,36,0,0
BRDA:468,37,0,0
BRDA:474,38,0,0
BRDA:485,39,0,0
BRDA:485,39,1,0
BRDA:487,40,0,0
BRDA:487,40,1,0
BRDA:503,41,0,0
BRDA:503,42,0,0
BRDA:503,42,1,0
BRDA:518,43,0,0
BRDA:523,44,0,0
BRDA:523,45,0,0
BRDA:523,45,1,0
BRDA:526,46,0,0
BRDA:526,47,0,0
BRDA:526,47,1,0
BRDA:530,48,0,0
BRDA:534,49,0,0
BRDA:542,50,0,0
BRDA:542,50,1,0
BRDA:542,50,2,0
BRDA:542,50,3,0
BRDA:542,50,4,0
BRDA:542,50,5,0
BRDA:547,51,0,0
BRDA:547,51,1,0
BRDA:547,52,0,0
BRDA:547,52,1,0
BRDA:549,53,0,0
BRDA:549,54,0,0
BRDA:549,54,1,0
BRDA:550,55,0,0
BRDA:550,55,1,0
BRDA:559,56,0,0
BRDA:559,57,0,0
BRDA:559,57,1,0
BRDA:562,58,0,0
BRDA:562,59,0,0
BRDA:562,59,1,0
BRDA:576,60,0,0
BRDA:583,61,0,0
BRDA:583,62,0,0
BRDA:583,62,1,0
BRDA:590,63,0,0
BRDA:601,64,0,0
BRDA:601,65,0,0
BRDA:601,65,1,0
BRDA:601,65,2,0
BRDA:609,66,0,0
BRDA:609,67,0,0
BRDA:609,67,1,0
BRDA:625,68,0,0
BRDA:630,69,0,0
BRDA:630,70,0,0
BRDA:630,70,1,0
BRDA:633,71,0,0
BRDA:633,71,1,0
BRDA:635,72,0,0
BRDA:642,73,0,0
BRDA:645,74,0,0
BRDA:645,74,1,0
BRDA:647,75,0,0
BRDA:647,76,0,0
BRDA:647,76,1,0
BRDA:683,77,0,0
BRDA:683,77,1,0
BRDA:685,78,0,0
BRDA:687,79,0,0
BRDA:687,80,0,0
BRDA:687,80,1,0
BRDA:692,81,0,0
BRDA:693,82,0,0
BRDA:714,83,0,0
BRDA:721,84,0,0
BRDA:739,85,0,0
BRDA:739,86,0,0
BRDA:739,86,1,0
BRDA:752,87,0,0
BRDA:752,88,0,0
BRDA:752,88,1,0
BRDA:774,89,0,0
BRDA:805,90,0,0
BRDA:816,91,0,0
BRDA:816,91,1,0
BRDA:816,91,2,0
BRDA:821,92,0,0
BRDA:821,93,0,0
BRDA:821,93,1,0
BRDA:889,94,0,0
BRDA:889,94,1,0
BRDA:889,95,0,0
BRDA:889,95,1,0
BRDA:910,96,0,0
BRDA:910,97,0,0
BRDA:910,97,1,0
BRDA:925,98,0,0
BRDA:936,99,0,0
BRDA:970,100,0,0
BRDA:970,100,1,0
BRDA:972,101,0,0
BRDA:974,102,0,0
BRDA:974,103,0,0
BRDA:974,103,1,0
BRDA:983,104,0,0
BRDA:1015,105,0,0
BRDA:1028,106,0,0
BRDA:1028,106,1,0
BRDA:1030,107,0,0
BRDA:1054,108,0,0
BRDA:1054,108,1,0
BRF:164
BRH:0
end_of_record
TN:
SF:src\formatting\types.ts
FNF:0
FNH:0
DA:196,6
LF:1
LH:1
BRF:0
BRH:0
end_of_record
TN:
SF:src\formatting\core\ErrorCollector.ts
FN:15,(anonymous_0)
FN:24,(anonymous_1)
FN:40,(anonymous_2)
FN:47,(anonymous_3)
FN:55,(anonymous_4)
FN:63,(anonymous_5)
FN:72,(anonymous_6)
FN:84,(anonymous_7)
FN:94,(anonymous_8)
FN:102,(anonymous_9)
FN:116,(anonymous_10)
FN:124,(anonymous_11)
FN:132,(anonymous_12)
FNF:13
FNH:7
FNDA:195,(anonymous_0)
FNDA:2288,(anonymous_1)
FNDA:1013,(anonymous_2)
FNDA:2,(anonymous_3)
FNDA:11,(anonymous_4)
FNDA:4,(anonymous_5)
FNDA:0,(anonymous_6)
FNDA:0,(anonymous_7)
FNDA:0,(anonymous_8)
FNDA:0,(anonymous_9)
FNDA:0,(anonymous_10)
FNDA:0,(anonymous_11)
FNDA:2,(anonymous_12)
DA:7,5
DA:8,195
DA:16,195
DA:25,2288
DA:26,2018
DA:29,270
DA:30,270
DA:33,270
DA:41,1013
DA:48,2
DA:56,11
DA:64,4
DA:73,0
DA:74,0
DA:85,0
DA:86,0
DA:87,0
DA:95,0
DA:96,0
DA:99,0
DA:102,0
DA:105,0
DA:106,0
DA:109,0
DA:117,0
DA:125,0
DA:133,2
LF:27
LH:13
BRDA:15,0,0,193
BRDA:25,1,0,2018
BRDA:29,2,0,1
BRDA:29,2,1,269
BRDA:72,3,0,0
BRDA:85,4,0,0
BRDA:85,4,1,0
BRDA:95,5,0,0
BRDA:105,6,0,0
BRF:9
BRH:4
end_of_record
TN:
SF:src\formatting\core\ExtendedFormattingContext.ts
FN:38,(anonymous_0)
FN:46,(anonymous_1)
FN:55,(anonymous_2)
FN:68,(anonymous_3)
FN:81,(anonymous_4)
FN:94,(anonymous_5)
FN:107,(anonymous_6)
FN:120,(anonymous_7)
FN:129,(anonymous_8)
FN:142,(anonymous_9)
FN:158,(anonymous_10)
FN:169,(anonymous_11)
FN:191,(anonymous_12)
FN:200,(anonymous_13)
FN:221,(anonymous_14)
FN:238,(anonymous_15)
FN:253,(anonymous_16)
FN:280,createExtendedFormattingContext
FNF:18
FNH:5
FNDA:179,(anonymous_0)
FNDA:173,(anonymous_1)
FNDA:0,(anonymous_2)
FNDA:0,(anonymous_3)
FNDA:0,(anonymous_4)
FNDA:0,(anonymous_5)
FNDA:21,(anonymous_6)
FNDA:0,(anonymous_7)
FNDA:173,(anonymous_8)
FNDA:0,(anonymous_9)
FNDA:0,(anonymous_10)
FNDA:0,(anonymous_11)
FNDA:0,(anonymous_12)
FNDA:0,(anonymous_13)
FNDA:0,(anonymous_14)
FNDA:0,(anonymous_15)
FNDA:0,(anonymous_16)
FNDA:179,createExtendedFormattingContext
DA:4,4
DA:5,4
DA:22,4
DA:39,179
DA:47,173
DA:49,173
DA:56,0
DA:57,0
DA:59,0
DA:60,0
DA:62,0
DA:69,0
DA:70,0
DA:72,0
DA:73,0
DA:75,0
DA:82,0
DA:83,0
DA:85,0
DA:86,0
DA:88,0
DA:95,0
DA:96,0
DA:98,0
DA:99,0
DA:101,0
DA:108,21
DA:109,21
DA:111,21
DA:112,0
DA:114,21
DA:121,0
DA:122,0
DA:130,173
DA:131,173
DA:132,173
DA:133,173
DA:134,173
DA:143,0
DA:149,0
DA:151,0
DA:159,0
DA:178,0
DA:189,0
DA:191,0
DA:193,0
DA:201,0
DA:202,0
DA:204,0
DA:214,0
DA:222,0
DA:223,0
DA:226,0
DA:227,0
DA:228,0
DA:229,0
DA:230,0
DA:239,0
DA:240,0
DA:241,0
DA:242,0
DA:243,0
DA:244,0
DA:245,0
DA:254,0
DA:256,0
DA:257,0
DA:259,0
DA:260,0
DA:262,0
DA:263,0
DA:265,0
DA:266,0
DA:268,0
DA:269,0
DA:280,4
DA:284,179
LF:77
LH:17
BRDA:56,0,0,0
BRDA:56,1,0,0
BRDA:56,1,1,0
BRDA:59,2,0,0
BRDA:69,3,0,0
BRDA:69,4,0,0
BRDA:69,4,1,0
BRDA:72,5,0,0
BRDA:82,6,0,0
BRDA:82,7,0,0
BRDA:82,7,1,0
BRDA:85,8,0,0
BRDA:95,9,0,0
BRDA:95,10,0,0
BRDA:95,10,1,0
BRDA:98,11,0,0
BRDA:108,12,0,21
BRDA:108,13,0,21
BRDA:108,13,1,21
BRDA:111,14,0,0
BRDA:207,15,0,0
BRDA:207,15,1,0
BRDA:208,16,0,0
BRDA:208,16,1,0
BRDA:209,17,0,0
BRDA:209,17,1,0
BRDA:210,18,0,0
BRDA:210,18,1,0
BRDA:211,19,0,0
BRDA:211,19,1,0
BRDA:222,20,0,0
BRDA:239,21,0,0
BRDA:239,21,1,0
BRDA:239,21,2,0
BRDA:239,21,3,0
BRDA:239,21,4,0
BRDA:239,21,5,0
BRDA:254,22,0,0
BRDA:254,22,1,0
BRDA:254,22,2,0
BRDA:254,22,3,0
BRDA:254,22,4,0
BRF:42
BRH:3
end_of_record
TN:
SF:src\formatting\core\FormattingContext.ts
FN:26,(anonymous_0)
FN:41,(anonymous_1)
FN:43,(anonymous_2)
FN:53,(anonymous_3)
FN:58,(anonymous_4)
FN:63,(anonymous_5)
FN:76,(anonymous_6)
FN:86,(anonymous_7)
FN:94,(anonymous_8)
FN:104,(anonymous_9)
FN:137,(anonymous_10)
FN:164,(anonymous_11)
FN:172,(anonymous_12)
FN:208,(anonymous_13)
FN:237,(anonymous_14)
FN:253,(anonymous_15)
FN:255,(anonymous_16)
FN:267,(anonymous_17)
FN:281,(anonymous_18)
FN:282,(anonymous_19)
FNF:20
FNH:6
FNDA:179,(anonymous_0)
FNDA:179,(anonymous_1)
FNDA:235,(anonymous_2)
FNDA:30,(anonymous_3)
FNDA:25,(anonymous_4)
FNDA:1,(anonymous_5)
FNDA:0,(anonymous_6)
FNDA:0,(anonymous_7)
FNDA:0,(anonymous_8)
FNDA:0,(anonymous_9)
FNDA:0,(anonymous_10)
FNDA:0,(anonymous_11)
FNDA:0,(anonymous_12)
FNDA:0,(anonymous_13)
FNDA:0,(anonymous_14)
FNDA:0,(anonymous_15)
FNDA:0,(anonymous_16)
FNDA:0,(anonymous_17)
FNDA:0,(anonymous_18)
FNDA:0,(anonymous_19)
DA:4,4
DA:5,4
DA:6,4
DA:7,4
DA:8,4
DA:14,4
DA:28,179
DA:29,179
DA:30,179
DA:31,179
DA:32,179
DA:35,179
DA:43,179
DA:44,235
DA:45,235
DA:49,179
DA:50,179
DA:51,179
DA:53,179
DA:54,30
DA:55,30
DA:58,179
DA:59,25
DA:60,25
DA:63,179
DA:64,1
DA:65,1
DA:69,179
DA:77,0
DA:78,0
DA:79,0
DA:87,0
DA:88,0
DA:95,0
DA:96,0
DA:97,0
DA:116,0
DA:118,0
DA:142,0
DA:143,0
DA:144,0
DA:145,0
DA:148,0
DA:150,0
DA:154,0
DA:165,0
DA:176,0
DA:179,0
DA:180,0
DA:184,0
DA:185,0
DA:189,0
DA:190,0
DA:194,0
DA:195,0
DA:198,0
DA:218,0
DA:220,0
DA:238,0
DA:244,0
DA:246,0
DA:255,0
DA:256,0
DA:268,0
DA:269,0
DA:270,0
DA:272,0
DA:281,0
DA:282,0
LF:69
LH:28
BRDA:126,0,0,0
BRDA:126,0,1,0
BRDA:143,1,0,0
BRDA:152,2,0,0
BRDA:152,2,1,0
BRDA:179,3,0,0
BRDA:184,4,0,0
BRDA:189,5,0,0
BRDA:194,6,0,0
BRDA:274,7,0,0
BRDA:274,7,1,0
BRDA:275,8,0,0
BRDA:275,8,1,0
BRDA:281,9,0,0
BRDA:281,9,1,0
BRF:15
BRH:0
end_of_record
TN:
SF:src\formatting\core\FormattingCore.ts
FN:20,(anonymous_0)
FN:29,(anonymous_1)
FN:39,(anonymous_2)
FN:52,(anonymous_3)
FN:64,(anonymous_4)
FN:72,(anonymous_5)
FN:81,(anonymous_6)
FN:87,(anonymous_7)
FN:100,(anonymous_8)
FN:108,(anonymous_9)
FN:116,(anonymous_10)
FN:126,(anonymous_11)
FN:140,(anonymous_12)
FN:155,(anonymous_13)
FN:177,(anonymous_14)
FN:192,(anonymous_15)
FN:201,(anonymous_16)
FN:217,(anonymous_17)
FN:236,(anonymous_18)
FN:261,(anonymous_19)
FN:270,(anonymous_20)
FN:282,(anonymous_21)
FN:290,(anonymous_22)
FN:298,(anonymous_23)
FN:306,(anonymous_24)
FN:329,(anonymous_25)
FN:344,(anonymous_26)
FNF:27
FNH:4
FNDA:179,(anonymous_0)
FNDA:1216,(anonymous_1)
FNDA:0,(anonymous_2)
FNDA:1220,(anonymous_3)
FNDA:21,(anonymous_4)
FNDA:0,(anonymous_5)
FNDA:0,(anonymous_6)
FNDA:0,(anonymous_7)
FNDA:0,(anonymous_8)
FNDA:0,(anonymous_9)
FNDA:0,(anonymous_10)
FNDA:0,(anonymous_11)
FNDA:0,(anonymous_12)
FNDA:0,(anonymous_13)
FNDA:0,(anonymous_14)
FNDA:0,(anonymous_15)
FNDA:0,(anonymous_16)
FNDA:0,(anonymous_17)
FNDA:0,(anonymous_18)
FNDA:0,(anonymous_19)
FNDA:0,(anonymous_20)
FNDA:0,(anonymous_21)
FNDA:0,(anonymous_22)
FNDA:0,(anonymous_23)
FNDA:0,(anonymous_24)
FNDA:0,(anonymous_25)
FNDA:0,(anonymous_26)
DA:9,4
DA:12,179
DA:13,179
DA:21,179
DA:22,179
DA:30,1216
DA:40,0
DA:41,0
DA:43,0
DA:53,1220
DA:54,1220
DA:55,0
DA:56,0
DA:58,1220
DA:65,21
DA:73,0
DA:82,0
DA:83,0
DA:87,0
DA:88,0
DA:89,0
DA:90,0
DA:93,0
DA:101,0
DA:109,0
DA:117,0
DA:127,0
DA:128,0
DA:131,0
DA:141,0
DA:142,0
DA:145,0
DA:156,0
DA:158,0
DA:159,0
DA:162,0
DA:164,0
DA:165,0
DA:168,0
DA:169,0
DA:178,0
DA:179,0
DA:183,0
DA:184,0
DA:193,0
DA:203,0
DA:204,0
DA:205,0
DA:209,0
DA:218,0
DA:219,0
DA:223,0
DA:225,0
DA:228,0
DA:237,0
DA:238,0
DA:241,0
DA:243,0
DA:245,0
DA:247,0
DA:249,0
DA:251,0
DA:262,0
DA:271,0
DA:272,0
DA:275,0
DA:283,0
DA:291,0
DA:299,0
DA:307,0
DA:308,0
DA:309,0
DA:312,0
DA:313,0
DA:314,0
DA:317,0
DA:318,0
DA:319,0
DA:322,0
DA:334,0
DA:345,0
LF:81
LH:10
BRDA:39,0,0,0
BRDA:40,1,0,0
BRDA:40,1,1,0
BRDA:41,2,0,0
BRDA:41,2,1,0
BRDA:43,3,0,0
BRDA:43,3,1,0
BRDA:54,4,0,0
BRDA:82,5,0,0
BRDA:90,6,0,0
BRDA:90,6,1,0
BRDA:90,7,0,0
BRDA:90,7,1,0
BRDA:127,8,0,0
BRDA:131,9,0,0
BRDA:131,9,1,0
BRDA:141,10,0,0
BRDA:145,11,0,0
BRDA:145,11,1,0
BRDA:155,12,0,0
BRDA:155,13,0,0
BRDA:158,14,0,0
BRDA:164,15,0,0
BRDA:178,16,0,0
BRDA:193,17,0,0
BRDA:193,17,1,0
BRDA:204,18,0,0
BRDA:218,19,0,0
BRDA:223,20,0,0
BRDA:223,21,0,0
BRDA:223,21,1,0
BRDA:237,22,0,0
BRDA:243,23,0,0
BRDA:243,23,1,0
BRDA:243,23,2,0
BRDA:243,23,3,0
BRDA:262,24,0,0
BRDA:262,24,1,0
BRDA:270,25,0,0
BRDA:271,26,0,0
BRDA:275,27,0,0
BRDA:275,27,1,0
BRDA:307,28,0,0
BRDA:312,29,0,0
BRDA:317,30,0,0
BRF:45
BRH:0
end_of_record
TN:
SF:src\formatting\core\IndentManager.ts
FN:17,(anonymous_0)
FN:24,(anonymous_1)
FN:32,(anonymous_2)
FN:40,(anonymous_3)
FN:48,(anonymous_4)
FN:57,(anonymous_5)
FN:77,(anonymous_6)
FN:113,(anonymous_7)
FN:124,(anonymous_8)
FN:139,(anonymous_9)
FN:148,(anonymous_10)
FN:155,(anonymous_11)
FN:163,(anonymous_12)
FN:177,(anonymous_13)
FN:199,(anonymous_14)
FNF:15
FNH:8
FNDA:211,(anonymous_0)
FNDA:119,(anonymous_1)
FNDA:11145,(anonymous_2)
FNDA:10133,(anonymous_3)
FNDA:9,(anonymous_4)
FNDA:16494,(anonymous_5)
FNDA:5,(anonymous_6)
FNDA:0,(anonymous_7)
FNDA:4,(anonymous_8)
FNDA:0,(anonymous_9)
FNDA:0,(anonymous_10)
FNDA:0,(anonymous_11)
FNDA:0,(anonymous_12)
FNDA:0,(anonymous_13)
FNDA:0,(anonymous_14)
DA:9,5
DA:10,211
DA:18,211
DA:25,119
DA:33,11145
DA:41,10133
DA:49,9
DA:58,16494
DA:59,16494
DA:61,16494
DA:63,16494
DA:66,0
DA:67,0
DA:68,0
DA:78,5
DA:81,5
DA:84,2
DA:85,1
DA:87,2
DA:90,0
DA:91,0
DA:94,0
DA:95,0
DA:98,0
DA:99,0
DA:102,3
DA:105,5
DA:114,0
DA:115,0
DA:125,4
DA:126,4
DA:127,4
DA:129,4
DA:140,0
DA:141,0
DA:149,0
DA:156,0
DA:164,0
DA:165,0
DA:167,0
DA:178,0
DA:179,0
DA:180,0
DA:181,0
DA:182,0
DA:183,0
DA:184,0
DA:186,0
DA:189,0
DA:200,0
DA:201,0
DA:202,0
DA:205,0
DA:206,0
LF:54
LH:22
BRDA:32,0,0,11140
BRDA:40,1,0,10127
BRDA:58,2,0,0
BRDA:58,2,1,16494
BRDA:61,3,0,16494
BRDA:61,3,1,0
BRDA:81,4,0,2
BRDA:81,4,1,0
BRDA:81,4,2,0
BRDA:81,4,3,0
BRDA:81,4,4,3
BRDA:84,5,0,1
BRDA:164,6,0,0
BRDA:164,6,1,0
BRDA:181,7,0,0
BRDA:181,7,1,0
BRDA:183,8,0,0
BRDA:183,8,1,0
BRDA:201,9,0,0
BRDA:205,10,0,0
BRDA:205,10,1,0
BRF:21
BRH:7
end_of_record
TN:
SF:src\formatting\core\LineBreakManager.ts
FN:17,(anonymous_0)
FN:25,(anonymous_1)
FN:36,(anonymous_2)
FN:50,(anonymous_3)
FN:62,(anonymous_4)
FN:79,(anonymous_5)
FN:108,(anonymous_6)
FN:133,(anonymous_7)
FN:157,(anonymous_8)
FN:173,(anonymous_9)
FN:174,(anonymous_10)
FN:185,(anonymous_11)
FN:212,(anonymous_12)
FN:225,(anonymous_13)
FN:241,(anonymous_14)
FN:250,(anonymous_15)
FN:265,(anonymous_16)
FN:275,(anonymous_17)
FN:289,(anonymous_18)
FN:309,(anonymous_19)
FNF:20
FNH:4
FNDA:179,(anonymous_0)
FNDA:235,(anonymous_1)
FNDA:0,(anonymous_2)
FNDA:0,(anonymous_3)
FNDA:0,(anonymous_4)
FNDA:4106,(anonymous_5)
FNDA:16424,(anonymous_6)
FNDA:0,(anonymous_7)
FNDA:0,(anonymous_8)
FNDA:0,(anonymous_9)
FNDA:0,(anonymous_10)
FNDA:0,(anonymous_11)
FNDA:0,(anonymous_12)
FNDA:0,(anonymous_13)
FNDA:0,(anonymous_14)
FNDA:0,(anonymous_15)
FNDA:0,(anonymous_16)
FNDA:0,(anonymous_17)
FNDA:0,(anonymous_18)
FNDA:0,(anonymous_19)
DA:9,4
DA:11,179
DA:18,179
DA:26,235
DA:37,0
DA:38,0
DA:41,0
DA:44,0
DA:45,0
DA:49,0
DA:50,0
DA:53,0
DA:63,0
DA:64,0
DA:67,0
DA:68,0
DA:70,0
DA:80,4106
DA:83,4106
DA:84,0
DA:88,4106
DA:89,0
DA:93,4106
DA:96,0
DA:99,4106
DA:109,16424
DA:110,0
DA:113,16424
DA:115,8212
DA:117,4106
DA:119,0
DA:121,4106
DA:123,0
DA:134,0
DA:136,0
DA:138,0
DA:140,0
DA:142,0
DA:145,0
DA:147,0
DA:158,0
DA:159,0
DA:160,0
DA:162,0
DA:163,0
DA:164,0
DA:174,0
DA:186,0
DA:189,0
DA:190,0
DA:194,0
DA:195,0
DA:199,0
DA:200,0
DA:203,0
DA:213,0
DA:214,0
DA:217,0
DA:219,0
DA:220,0
DA:222,0
DA:224,0
DA:225,0
DA:226,0
DA:227,0
DA:228,0
DA:234,0
DA:242,0
DA:251,0
DA:252,0
DA:254,0
DA:255,0
DA:257,0
DA:267,0
DA:277,0
DA:278,0
DA:280,0
DA:291,0
DA:292,0
DA:296,0
DA:297,0
DA:300,0
DA:311,0
DA:312,0
DA:315,0
LF:85
LH:14
BRDA:36,0,0,0
BRDA:37,1,0,0
BRDA:41,2,0,0
BRDA:41,2,1,0
BRDA:44,3,0,0
BRDA:62,4,0,0
BRDA:64,5,0,0
BRDA:64,5,1,0
BRDA:67,6,0,0
BRDA:67,6,1,0
BRDA:83,7,0,0
BRDA:83,8,0,4106
BRDA:83,8,1,4106
BRDA:88,9,0,0
BRDA:88,10,0,4106
BRDA:88,10,1,0
BRDA:93,11,0,0
BRDA:93,12,0,4106
BRDA:93,12,1,0
BRDA:93,12,2,0
BRDA:109,13,0,0
BRDA:113,14,0,8212
BRDA:113,14,1,4106
BRDA:113,14,2,0
BRDA:113,14,3,4106
BRDA:113,14,4,0
BRDA:115,15,0,8212
BRDA:115,15,1,0
BRDA:117,16,0,4106
BRDA:117,16,1,0
BRDA:119,17,0,0
BRDA:119,17,1,0
BRDA:121,18,0,4106
BRDA:121,18,1,0
BRDA:134,19,0,0
BRDA:134,19,1,0
BRDA:134,19,2,0
BRDA:134,19,3,0
BRDA:134,19,4,0
BRDA:134,19,5,0
BRDA:136,20,0,0
BRDA:136,20,1,0
BRDA:142,21,0,0
BRDA:142,21,1,0
BRDA:142,21,2,0
BRDA:157,22,0,0
BRDA:159,23,0,0
BRDA:159,23,1,0
BRDA:185,24,0,0
BRDA:189,25,0,0
BRDA:194,26,0,0
BRDA:199,27,0,0
BRDA:199,28,0,0
BRDA:199,28,1,0
BRDA:222,29,0,0
BRDA:224,30,0,0
BRDA:224,30,1,0
BRDA:225,31,0,0
BRDA:251,32,0,0
BRDA:254,33,0,0
BRDA:254,34,0,0
BRDA:254,34,1,0
BRDA:257,35,0,0
BRDA:257,35,1,0
BRDA:277,36,0,0
BRDA:277,36,1,0
BRDA:278,37,0,0
BRDA:278,37,1,0
BRDA:280,38,0,0
BRDA:280,38,1,0
BRDA:280,38,2,0
BRDA:280,38,3,0
BRDA:291,39,0,0
BRDA:296,40,0,0
BRDA:296,41,0,0
BRDA:296,41,1,0
BRDA:311,42,0,0
BRF:77
BRH:10
end_of_record
TN:
SF:src\formatting\core\TokenUtils.ts
FN:15,(anonymous_0)
FN:25,(anonymous_1)
FN:47,(anonymous_2)
FN:56,(anonymous_3)
FN:66,(anonymous_4)
FN:86,(anonymous_5)
FN:103,(anonymous_6)
FN:123,(anonymous_7)
FN:143,(anonymous_8)
FN:153,(anonymous_9)
FN:162,(anonymous_10)
FN:171,(anonymous_11)
FN:191,(anonymous_12)
FN:209,(anonymous_13)
FN:225,(anonymous_14)
FN:242,(anonymous_15)
FN:250,(anonymous_16)
FN:258,(anonymous_17)
FN:267,(anonymous_18)
FN:277,(anonymous_19)
FNF:20
FNH:1
FNDA:179,(anonymous_0)
FNDA:0,(anonymous_1)
FNDA:0,(anonymous_2)
FNDA:0,(anonymous_3)
FNDA:0,(anonymous_4)
FNDA:0,(anonymous_5)
FNDA:0,(anonymous_6)
FNDA:0,(anonymous_7)
FNDA:0,(anonymous_8)
FNDA:0,(anonymous_9)
FNDA:0,(anonymous_10)
FNDA:0,(anonymous_11)
FNDA:0,(anonymous_12)
FNDA:0,(anonymous_13)
FNDA:0,(anonymous_14)
FNDA:0,(anonymous_15)
FNDA:0,(anonymous_16)
FNDA:0,(anonymous_17)
FNDA:0,(anonymous_18)
FNDA:0,(anonymous_19)
DA:8,4
DA:16,179
DA:26,0
DA:27,0
DA:30,0
DA:31,0
DA:34,0
DA:35,0
DA:38,0
DA:48,0
DA:57,0
DA:67,0
DA:68,0
DA:69,0
DA:71,0
DA:72,0
DA:73,0
DA:74,0
DA:78,0
DA:87,0
DA:88,0
DA:91,0
DA:92,0
DA:93,0
DA:104,0
DA:106,0
DA:107,0
DA:108,0
DA:109,0
DA:113,0
DA:124,0
DA:126,0
DA:127,0
DA:128,0
DA:129,0
DA:133,0
DA:144,0
DA:145,0
DA:154,0
DA:163,0
DA:172,0
DA:174,0
DA:183,0
DA:192,0
DA:194,0
DA:201,0
DA:210,0
DA:212,0
DA:217,0
DA:226,0
DA:227,0
DA:232,0
DA:243,0
DA:251,0
DA:259,0
DA:268,0
DA:278,0
DA:279,0
DA:281,0
LF:59
LH:2
BRDA:26,0,0,0
BRDA:26,1,0,0
BRDA:26,1,1,0
BRDA:26,1,2,0
BRDA:26,1,3,0
BRDA:34,2,0,0
BRDA:48,3,0,0
BRDA:48,3,1,0
BRDA:57,4,0,0
BRDA:57,4,1,0
BRDA:73,5,0,0
BRDA:87,6,0,0
BRDA:87,7,0,0
BRDA:87,7,1,0
BRDA:87,7,2,0
BRDA:103,8,0,0
BRDA:108,9,0,0
BRDA:123,10,0,0
BRDA:128,11,0,0
BRDA:154,12,0,0
BRDA:154,12,1,0
BRDA:163,13,0,0
BRDA:163,13,1,0
BRDA:172,14,0,0
BRDA:183,15,0,0
BRDA:183,15,1,0
BRDA:192,16,0,0
BRDA:201,17,0,0
BRDA:201,17,1,0
BRDA:210,18,0,0
BRDA:217,19,0,0
BRDA:217,19,1,0
BRDA:226,20,0,0
BRDA:268,21,0,0
BRDA:268,21,1,0
BRDA:278,22,0,0
BRF:36
BRH:0
end_of_record
TN:
SF:src\formatting\formatters\BlockFormatter.ts
FN:21,(anonymous_0)
FN:29,(anonymous_1)
FN:59,(anonymous_2)
FN:61,(anonymous_3)
FN:77,(anonymous_4)
FN:131,(anonymous_5)
FN:138,(anonymous_6)
FNF:7
FNH:7
FNDA:27,(anonymous_0)
FNDA:30,(anonymous_1)
FNDA:30,(anonymous_2)
FNDA:30,(anonymous_3)
FNDA:6085,(anonymous_4)
FNDA:6046,(anonymous_5)
FNDA:6023,(anonymous_6)
DA:17,4
DA:22,27
DA:23,27
DA:30,30
DA:31,30
DA:32,0
DA:34,30
DA:36,1
DA:39,1
DA:60,30
DA:63,30
DA:64,2
DA:68,28
DA:71,28
DA:72,0
DA:75,28
DA:77,28
DA:78,6085
DA:82,0
DA:83,0
DA:87,28
DA:88,2
DA:92,26
DA:93,26
DA:94,26
DA:96,26
DA:98,26
DA:99,6023
DA:102,6022
DA:104,6021
DA:105,6021
DA:106,6021
DA:107,6021
DA:109,6021
DA:110,0
DA:112,0
DA:118,25
DA:119,25
DA:121,25
DA:132,6046
DA:139,6023
DA:141,6023
DA:142,6017
DA:145,6
LF:44
LH:38
BRDA:31,0,0,0
BRDA:37,1,0,1
BRDA:37,1,1,0
BRDA:60,2,0,30
BRDA:60,2,1,0
BRDA:60,2,2,0
BRDA:60,2,3,0
BRDA:63,3,0,2
BRDA:71,4,0,0
BRDA:71,4,1,28
BRDA:71,5,0,28
BRDA:71,5,1,0
BRDA:75,6,0,28
BRDA:75,6,1,0
BRDA:75,7,0,28
BRDA:75,7,1,28
BRDA:78,8,0,6085
BRDA:78,8,1,6085
BRDA:78,8,2,6085
BRDA:82,9,0,0
BRDA:82,10,0,0
BRDA:82,10,1,0
BRDA:82,10,2,0
BRDA:87,11,0,2
BRDA:93,12,0,26
BRDA:93,12,1,25
BRDA:94,13,0,1
BRDA:94,13,1,25
BRDA:102,14,0,6021
BRDA:102,15,0,6022
BRDA:102,15,1,6021
BRDA:107,16,0,6021
BRDA:107,16,1,0
BRDA:110,17,0,0
BRDA:124,18,0,28
BRDA:124,18,1,2
BRDA:124,19,0,30
BRDA:124,19,1,28
BRDA:139,20,0,0
BRDA:141,21,0,6017
BRDA:141,22,0,6023
BRDA:141,22,1,6017
BRDA:145,23,0,6
BRDA:145,23,1,0
BRDA:145,23,2,0
BRF:45
BRH:28
end_of_record
TN:
SF:src\formatting\formatters\DeclarationFormatter.ts
FN:34,(anonymous_0)
FN:42,(anonymous_1)
FN:60,(anonymous_2)
FN:62,(anonymous_3)
FN:120,(anonymous_4)
FN:122,(anonymous_5)
FN:159,(anonymous_6)
FN:161,(anonymous_7)
FN:218,(anonymous_8)
FN:220,(anonymous_9)
FN:278,(anonymous_10)
FN:280,(anonymous_11)
FN:289,(anonymous_12)
FN:328,(anonymous_13)
FN:330,(anonymous_14)
FN:353,(anonymous_15)
FN:355,(anonymous_16)
FN:390,(anonymous_17)
FN:392,(anonymous_18)
FN:427,(anonymous_19)
FN:429,(anonymous_20)
FN:462,(anonymous_21)
FN:464,(anonymous_22)
FN:483,(anonymous_23)
FN:485,(anonymous_24)
FN:505,(anonymous_25)
FN:507,(anonymous_26)
FN:526,(anonymous_27)
FN:536,(anonymous_28)
FN:543,(anonymous_29)
FNF:30
FNH:0
FNDA:0,(anonymous_0)
FNDA:0,(anonymous_1)
FNDA:0,(anonymous_2)
FNDA:0,(anonymous_3)
FNDA:0,(anonymous_4)
FNDA:0,(anonymous_5)
FNDA:0,(anonymous_6)
FNDA:0,(anonymous_7)
FNDA:0,(anonymous_8)
FNDA:0,(anonymous_9)
FNDA:0,(anonymous_10)
FNDA:0,(anonymous_11)
FNDA:0,(anonymous_12)
FNDA:0,(anonymous_13)
FNDA:0,(anonymous_14)
FNDA:0,(anonymous_15)
FNDA:0,(anonymous_16)
FNDA:0,(anonymous_17)
FNDA:0,(anonymous_18)
FNDA:0,(anonymous_19)
FNDA:0,(anonymous_20)
FNDA:0,(anonymous_21)
FNDA:0,(anonymous_22)
FNDA:0,(anonymous_23)
FNDA:0,(anonymous_24)
FNDA:0,(anonymous_25)
FNDA:0,(anonymous_26)
FNDA:0,(anonymous_27)
FNDA:0,(anonymous_28)
FNDA:0,(anonymous_29)
DA:30,4
DA:35,0
DA:36,0
DA:43,0
DA:44,0
DA:45,0
DA:47,0
DA:49,0
DA:52,0
DA:61,0
DA:63,0
DA:64,0
DA:67,0
DA:68,0
DA:69,0
DA:73,0
DA:74,0
DA:75,0
DA:76,0
DA:81,0
DA:82,0
DA:86,0
DA:87,0
DA:88,0
DA:89,0
DA:90,0
DA:91,0
DA:92,0
DA:94,0
DA:97,0
DA:100,0
DA:101,0
DA:102,0
DA:104,0
DA:106,0
DA:109,0
DA:121,0
DA:123,0
DA:124,0
DA:127,0
DA:128,0
DA:129,0
DA:133,0
DA:134,0
DA:135,0
DA:136,0
DA:138,0
DA:141,0
DA:160,0
DA:162,0
DA:163,0
DA:166,0
DA:167,0
DA:168,0
DA:170,0
DA:172,0
DA:173,0
DA:175,0
DA:176,0
DA:178,0
DA:179,0
DA:181,0
DA:187,0
DA:188,0
DA:191,0
DA:192,0
DA:193,0
DA:195,0
DA:197,0
DA:202,0
DA:203,0
DA:204,0
DA:207,0
DA:219,0
DA:221,0
DA:222,0
DA:225,0
DA:226,0
DA:227,0
DA:231,0
DA:232,0
DA:233,0
DA:234,0
DA:236,0
DA:237,0
DA:239,0
DA:240,0
DA:242,0
DA:243,0
DA:245,0
DA:251,0
DA:252,0
DA:253,0
DA:256,0
DA:257,0
DA:258,0
DA:260,0
DA:261,0
DA:264,0
DA:267,0
DA:279,0
DA:281,0
DA:282,0
DA:284,0
DA:287,0
DA:289,0
DA:292,0
DA:293,0
DA:294,0
DA:296,0
DA:297,0
DA:298,0
DA:299,0
DA:301,0
DA:304,0
DA:305,0
DA:308,0
DA:309,0
DA:310,0
DA:311,0
DA:316,0
DA:329,0
DA:332,0
DA:333,0
DA:337,0
DA:339,0
DA:342,0
DA:354,0
DA:356,0
DA:357,0
DA:359,0
DA:360,0
DA:363,0
DA:364,0
DA:366,0
DA:369,0
DA:371,0
DA:372,0
DA:373,0
DA:376,0
DA:377,0
DA:379,0
DA:391,0
DA:393,0
DA:394,0
DA:396,0
DA:397,0
DA:400,0
DA:401,0
DA:403,0
DA:406,0
DA:408,0
DA:409,0
DA:410,0
DA:413,0
DA:414,0
DA:416,0
DA:428,0
DA:430,0
DA:433,0
DA:434,0
DA:438,0
DA:439,0
DA:440,0
DA:444,0
DA:447,0
DA:448,0
DA:451,0
DA:463,0
DA:465,0
DA:467,0
DA:468,0
DA:469,0
DA:472,0
DA:484,0
DA:486,0
DA:489,0
DA:490,0
DA:491,0
DA:494,0
DA:506,0
DA:508,0
DA:511,0
DA:512,0
DA:513,0
DA:516,0
DA:527,0
DA:530,0
DA:537,0
DA:544,0
DA:545,0
LF:191
LH:1
BRDA:44,0,0,0
BRDA:50,1,0,0
BRDA:50,1,1,0
BRDA:61,2,0,0
BRDA:61,2,1,0
BRDA:61,2,2,0
BRDA:68,3,0,0
BRDA:73,4,0,0
BRDA:73,5,0,0
BRDA:73,5,1,0
BRDA:75,6,0,0
BRDA:81,7,0,0
BRDA:81,8,0,0
BRDA:81,8,1,0
BRDA:88,9,0,0
BRDA:89,10,0,0
BRDA:89,10,1,0
BRDA:91,11,0,0
BRDA:92,12,0,0
BRDA:92,12,1,0
BRDA:100,13,0,0
BRDA:100,14,0,0
BRDA:100,14,1,0
BRDA:101,15,0,0
BRDA:101,15,1,0
BRDA:104,16,0,0
BRDA:104,16,1,0
BRDA:121,17,0,0
BRDA:121,17,1,0
BRDA:121,17,2,0
BRDA:128,18,0,0
BRDA:135,19,0,0
BRDA:136,20,0,0
BRDA:136,20,1,0
BRDA:160,21,0,0
BRDA:160,21,1,0
BRDA:160,21,2,0
BRDA:166,22,0,0
BRDA:166,23,0,0
BRDA:166,23,1,0
BRDA:170,24,0,0
BRDA:170,24,1,0
BRDA:170,24,2,0
BRDA:170,24,3,0
BRDA:187,25,0,0
BRDA:187,26,0,0
BRDA:187,26,1,0
BRDA:191,27,0,0
BRDA:191,27,1,0
BRDA:191,28,0,0
BRDA:191,28,1,0
BRDA:191,28,2,0
BRDA:193,29,0,0
BRDA:193,29,1,0
BRDA:193,30,0,0
BRDA:193,30,1,0
BRDA:193,30,2,0
BRDA:202,31,0,0
BRDA:202,32,0,0
BRDA:202,32,1,0
BRDA:203,33,0,0
BRDA:203,33,1,0
BRDA:219,34,0,0
BRDA:219,34,1,0
BRDA:219,34,2,0
BRDA:226,35,0,0
BRDA:231,36,0,0
BRDA:231,37,0,0
BRDA:231,37,1,0
BRDA:234,38,0,0
BRDA:234,38,1,0
BRDA:234,38,2,0
BRDA:234,38,3,0
BRDA:252,39,0,0
BRDA:256,40,0,0
BRDA:256,40,1,0
BRDA:256,41,0,0
BRDA:256,41,1,0
BRDA:256,41,2,0
BRDA:258,42,0,0
BRDA:258,42,1,0
BRDA:258,43,0,0
BRDA:258,43,1,0
BRDA:260,44,0,0
BRDA:279,45,0,0
BRDA:279,45,1,0
BRDA:279,45,2,0
BRDA:287,46,0,0
BRDA:287,46,1,0
BRDA:292,47,0,0
BRDA:292,47,1,0
BRDA:298,48,0,0
BRDA:310,49,0,0
BRDA:311,50,0,0
BRDA:311,50,1,0
BRDA:329,51,0,0
BRDA:329,51,1,0
BRDA:329,51,2,0
BRDA:332,52,0,0
BRDA:332,52,1,0
BRDA:337,53,0,0
BRDA:337,54,0,0
BRDA:337,54,1,0
BRDA:354,55,0,0
BRDA:354,55,1,0
BRDA:354,55,2,0
BRDA:359,56,0,0
BRDA:359,57,0,0
BRDA:359,57,1,0
BRDA:363,58,0,0
BRDA:363,58,1,0
BRDA:372,59,0,0
BRDA:391,60,0,0
BRDA:391,60,1,0
BRDA:391,60,2,0
BRDA:396,61,0,0
BRDA:396,62,0,0
BRDA:396,62,1,0
BRDA:400,63,0,0
BRDA:400,63,1,0
BRDA:409,64,0,0
BRDA:428,65,0,0
BRDA:428,65,1,0
BRDA:428,65,2,0
BRDA:433,66,0,0
BRDA:433,67,0,0
BRDA:433,67,1,0
BRDA:438,68,0,0
BRDA:438,69,0,0
BRDA:438,69,1,0
BRDA:447,70,0,0
BRDA:447,71,0,0
BRDA:447,71,1,0
BRDA:463,72,0,0
BRDA:463,72,1,0
BRDA:463,72,2,0
BRDA:484,73,0,0
BRDA:484,73,1,0
BRDA:484,73,2,0
BRDA:490,74,0,0
BRDA:506,75,0,0
BRDA:506,75,1,0
BRDA:506,75,2,0
BRDA:512,76,0,0
BRDA:544,77,0,0
BRF:145
BRH:0
end_of_record
TN:
SF:src\formatting\formatters\ExpressionFormatter.ts
FN:35,(anonymous_0)
FN:44,(anonymous_1)
FN:62,(anonymous_2)
FN:64,(anonymous_3)
FN:108,(anonymous_4)
FN:110,(anonymous_5)
FN:141,(anonymous_6)
FN:143,(anonymous_7)
FN:174,(anonymous_8)
FN:176,(anonymous_9)
FN:207,(anonymous_10)
FN:209,(anonymous_11)
FN:240,(anonymous_12)
FN:242,(anonymous_13)
FN:269,(anonymous_14)
FN:271,(anonymous_15)
FN:298,(anonymous_16)
FN:300,(anonymous_17)
FN:327,(anonymous_18)
FN:329,(anonymous_19)
FN:356,(anonymous_20)
FN:358,(anonymous_21)
FN:385,(anonymous_22)
FN:387,(anonymous_23)
FN:418,(anonymous_24)
FN:420,(anonymous_25)
FN:423,(anonymous_26)
FN:443,(anonymous_27)
FN:445,(anonymous_28)
FN:458,(anonymous_29)
FN:516,(anonymous_30)
FNF:31
FNH:0
FNDA:0,(anonymous_0)
FNDA:0,(anonymous_1)
FNDA:0,(anonymous_2)
FNDA:0,(anonymous_3)
FNDA:0,(anonymous_4)
FNDA:0,(anonymous_5)
FNDA:0,(anonymous_6)
FNDA:0,(anonymous_7)
FNDA:0,(anonymous_8)
FNDA:0,(anonymous_9)
FNDA:0,(anonymous_10)
FNDA:0,(anonymous_11)
FNDA:0,(anonymous_12)
FNDA:0,(anonymous_13)
FNDA:0,(anonymous_14)
FNDA:0,(anonymous_15)
FNDA:0,(anonymous_16)
FNDA:0,(anonymous_17)
FNDA:0,(anonymous_18)
FNDA:0,(anonymous_19)
FNDA:0,(anonymous_20)
FNDA:0,(anonymous_21)
FNDA:0,(anonymous_22)
FNDA:0,(anonymous_23)
FNDA:0,(anonymous_24)
FNDA:0,(anonymous_25)
FNDA:0,(anonymous_26)
FNDA:0,(anonymous_27)
FNDA:0,(anonymous_28)
FNDA:0,(anonymous_29)
FNDA:0,(anonymous_30)
DA:31,4
DA:36,0
DA:37,0
DA:45,0
DA:46,0
DA:47,0
DA:49,0
DA:51,0
DA:54,0
DA:63,0
DA:66,0
DA:67,0
DA:69,0
DA:71,0
DA:75,0
DA:78,0
DA:81,0
DA:82,0
DA:83,0
DA:84,0
DA:85,0
DA:86,0
DA:87,0
DA:88,0
DA:89,0
DA:92,0
DA:95,0
DA:97,0
DA:109,0
DA:112,0
DA:113,0
DA:114,0
DA:118,0
DA:120,0
DA:122,0
DA:123,0
DA:126,0
DA:127,0
DA:130,0
DA:142,0
DA:145,0
DA:146,0
DA:147,0
DA:151,0
DA:153,0
DA:155,0
DA:156,0
DA:159,0
DA:160,0
DA:163,0
DA:175,0
DA:178,0
DA:179,0
DA:180,0
DA:184,0
DA:186,0
DA:188,0
DA:189,0
DA:192,0
DA:193,0
DA:196,0
DA:208,0
DA:211,0
DA:212,0
DA:213,0
DA:217,0
DA:219,0
DA:221,0
DA:222,0
DA:225,0
DA:226,0
DA:229,0
DA:241,0
DA:244,0
DA:245,0
DA:246,0
DA:250,0
DA:252,0
DA:254,0
DA:255,0
DA:258,0
DA:270,0
DA:273,0
DA:274,0
DA:275,0
DA:279,0
DA:281,0
DA:283,0
DA:284,0
DA:287,0
DA:299,0
DA:302,0
DA:303,0
DA:304,0
DA:308,0
DA:310,0
DA:312,0
DA:313,0
DA:316,0
DA:328,0
DA:331,0
DA:332,0
DA:333,0
DA:337,0
DA:339,0
DA:341,0
DA:342,0
DA:345,0
DA:357,0
DA:360,0
DA:361,0
DA:362,0
DA:366,0
DA:368,0
DA:370,0
DA:371,0
DA:374,0
DA:386,0
DA:389,0
DA:390,0
DA:391,0
DA:395,0
DA:397,0
DA:399,0
DA:400,0
DA:403,0
DA:404,0
DA:407,0
DA:419,0
DA:422,0
DA:423,0
DA:427,0
DA:444,0
DA:446,0
DA:447,0
DA:449,0
DA:450,0
DA:453,0
DA:456,0
DA:458,0
DA:461,0
DA:463,0
DA:464,0
DA:466,0
DA:467,0
DA:468,0
DA:470,0
DA:473,0
DA:474,0
DA:475,0
DA:476,0
DA:477,0
DA:478,0
DA:480,0
DA:484,0
DA:487,0
DA:488,0
DA:490,0
DA:493,0
DA:494,0
DA:497,0
DA:498,0
DA:499,0
DA:500,0
DA:505,0
DA:517,0
DA:518,0
LF:167
LH:1
BRDA:46,0,0,0
BRDA:52,1,0,0
BRDA:52,1,1,0
BRDA:63,2,0,0
BRDA:63,2,1,0
BRDA:63,2,2,0
BRDA:69,3,0,0
BRDA:82,4,0,0
BRDA:82,4,1,0
BRDA:83,5,0,0
BRDA:83,5,1,0
BRDA:84,6,0,0
BRDA:84,6,1,0
BRDA:85,7,0,0
BRDA:85,7,1,0
BRDA:86,8,0,0
BRDA:86,8,1,0
BRDA:87,9,0,0
BRDA:87,9,1,0
BRDA:88,10,0,0
BRDA:88,10,1,0
BRDA:89,11,0,0
BRDA:109,12,0,0
BRDA:109,12,1,0
BRDA:109,12,2,0
BRDA:113,13,0,0
BRDA:123,14,0,0
BRDA:123,14,1,0
BRDA:142,15,0,0
BRDA:142,15,1,0
BRDA:142,15,2,0
BRDA:146,16,0,0
BRDA:156,17,0,0
BRDA:156,17,1,0
BRDA:175,18,0,0
BRDA:175,18,1,0
BRDA:175,18,2,0
BRDA:179,19,0,0
BRDA:189,20,0,0
BRDA:189,20,1,0
BRDA:208,21,0,0
BRDA:208,21,1,0
BRDA:208,21,2,0
BRDA:212,22,0,0
BRDA:222,23,0,0
BRDA:222,23,1,0
BRDA:241,24,0,0
BRDA:241,24,1,0
BRDA:241,24,2,0
BRDA:245,25,0,0
BRDA:270,26,0,0
BRDA:270,26,1,0
BRDA:270,26,2,0
BRDA:274,27,0,0
BRDA:299,28,0,0
BRDA:299,28,1,0
BRDA:299,28,2,0
BRDA:303,29,0,0
BRDA:328,30,0,0
BRDA:328,30,1,0
BRDA:328,30,2,0
BRDA:332,31,0,0
BRDA:357,32,0,0
BRDA:357,32,1,0
BRDA:357,32,2,0
BRDA:361,33,0,0
BRDA:386,34,0,0
BRDA:386,34,1,0
BRDA:386,34,2,0
BRDA:390,35,0,0
BRDA:400,36,0,0
BRDA:400,36,1,0
BRDA:419,37,0,0
BRDA:419,37,1,0
BRDA:419,37,2,0
BRDA:422,38,0,0
BRDA:422,39,0,0
BRDA:422,39,1,0
BRDA:427,40,0,0
BRDA:427,40,1,0
BRDA:444,41,0,0
BRDA:444,41,1,0
BRDA:444,41,2,0
BRDA:449,42,0,0
BRDA:456,43,0,0
BRDA:456,43,1,0
BRDA:461,44,0,0
BRDA:461,44,1,0
BRDA:473,45,0,0
BRDA:473,45,1,0
BRDA:477,46,0,0
BRDA:477,46,1,0
BRDA:487,47,0,0
BRDA:499,48,0,0
BRDA:500,49,0,0
BRDA:500,49,1,0
BRDA:517,50,0,0
BRF:97
BRH:0
end_of_record
TN:
SF:src\formatting\formatters\LiteralFormatter.ts
FN:25,(anonymous_0)
FN:33,(anonymous_1)
FN:63,(anonymous_2)
FN:65,(anonymous_3)
FN:173,(anonymous_4)
FN:175,(anonymous_5)
FN:185,(anonymous_6)
FN:267,(anonymous_7)
FN:274,(anonymous_8)
FNF:9
FNH:0
FNDA:0,(anonymous_0)
FNDA:0,(anonymous_1)
FNDA:0,(anonymous_2)
FNDA:0,(anonymous_3)
FNDA:0,(anonymous_4)
FNDA:0,(anonymous_5)
FNDA:0,(anonymous_6)
FNDA:0,(anonymous_7)
FNDA:0,(anonymous_8)
DA:21,4
DA:26,0
DA:27,0
DA:34,0
DA:35,0
DA:36,0
DA:38,0
DA:40,0
DA:43,0
DA:64,0
DA:66,0
DA:67,0
DA:69,0
DA:70,0
DA:71,0
DA:77,0
DA:80,0
DA:82,0
DA:83,0
DA:85,0
DA:86,0
DA:87,0
DA:90,0
DA:91,0
DA:92,0
DA:95,0
DA:96,0
DA:99,0
DA:101,0
DA:102,0
DA:103,0
DA:104,0
DA:106,0
DA:107,0
DA:109,0
DA:113,0
DA:118,0
DA:119,0
DA:121,0
DA:124,0
DA:125,0
DA:126,0
DA:128,0
DA:129,0
DA:131,0
DA:132,0
DA:133,0
DA:135,0
DA:136,0
DA:137,0
DA:141,0
DA:142,0
DA:148,0
DA:149,0
DA:174,0
DA:176,0
DA:177,0
DA:179,0
DA:180,0
DA:181,0
DA:185,0
DA:186,0
DA:187,0
DA:191,0
DA:193,0
DA:197,0
DA:201,0
DA:203,0
DA:204,0
DA:206,0
DA:207,0
DA:208,0
DA:212,0
DA:215,0
DA:217,0
DA:218,0
DA:219,0
DA:220,0
DA:222,0
DA:223,0
DA:225,0
DA:229,0
DA:233,0
DA:234,0
DA:236,0
DA:239,0
DA:240,0
DA:241,0
DA:243,0
DA:244,0
DA:245,0
DA:246,0
DA:249,0
DA:250,0
DA:256,0
DA:257,0
DA:268,0
DA:275,0
DA:276,0
LF:99
LH:1
BRDA:35,0,0,0
BRDA:41,1,0,0
BRDA:41,1,1,0
BRDA:64,2,0,0
BRDA:64,2,1,0
BRDA:64,2,2,0
BRDA:70,3,0,0
BRDA:77,4,0,0
BRDA:77,4,1,0
BRDA:77,4,2,0
BRDA:80,5,0,0
BRDA:80,5,1,0
BRDA:80,6,0,0
BRDA:80,6,1,0
BRDA:90,7,0,0
BRDA:90,8,0,0
BRDA:90,8,1,0
BRDA:96,9,0,0
BRDA:96,9,1,0
BRDA:99,10,0,0
BRDA:99,10,1,0
BRDA:104,11,0,0
BRDA:104,11,1,0
BRDA:118,12,0,0
BRDA:126,13,0,0
BRDA:131,14,0,0
BRDA:131,15,0,0
BRDA:131,15,1,0
BRDA:136,16,0,0
BRDA:136,16,1,0
BRDA:141,17,0,0
BRDA:142,18,0,0
BRDA:142,18,1,0
BRDA:174,19,0,0
BRDA:174,19,1,0
BRDA:174,19,2,0
BRDA:180,20,0,0
BRDA:187,21,0,0
BRDA:187,21,1,0
BRDA:191,22,0,0
BRDA:191,22,1,0
BRDA:193,23,0,0
BRDA:193,23,1,0
BRDA:193,23,2,0
BRDA:197,24,0,0
BRDA:197,24,1,0
BRDA:197,24,2,0
BRDA:201,25,0,0
BRDA:201,25,1,0
BRDA:201,26,0,0
BRDA:201,26,1,0
BRDA:215,27,0,0
BRDA:215,27,1,0
BRDA:220,28,0,0
BRDA:220,28,1,0
BRDA:233,29,0,0
BRDA:241,30,0,0
BRDA:249,31,0,0
BRDA:250,32,0,0
BRDA:250,32,1,0
BRDA:275,33,0,0
BRF:61
BRH:0
end_of_record
TN:
SF:src\formatting\formatters\StatementFormatter.ts
FN:31,(anonymous_0)
FN:39,(anonymous_1)
FN:58,(anonymous_2)
FN:60,(anonymous_3)
FN:116,(anonymous_4)
FN:118,(anonymous_5)
FN:158,(anonymous_6)
FN:160,(anonymous_7)
FN:216,(anonymous_8)
FN:218,(anonymous_9)
FN:262,(anonymous_10)
FN:264,(anonymous_11)
FN:313,(anonymous_12)
FN:315,(anonymous_13)
FN:360,(anonymous_14)
FN:362,(anonymous_15)
FN:399,(anonymous_16)
FN:406,(anonymous_17)
FN:414,(anonymous_18)
FN:416,(anonymous_19)
FN:435,(anonymous_20)
FN:437,(anonymous_21)
FN:455,(anonymous_22)
FN:462,(anonymous_23)
FN:469,(anonymous_24)
FNF:25
FNH:0
FNDA:0,(anonymous_0)
FNDA:0,(anonymous_1)
FNDA:0,(anonymous_2)
FNDA:0,(anonymous_3)
FNDA:0,(anonymous_4)
FNDA:0,(anonymous_5)
FNDA:0,(anonymous_6)
FNDA:0,(anonymous_7)
FNDA:0,(anonymous_8)
FNDA:0,(anonymous_9)
FNDA:0,(anonymous_10)
FNDA:0,(anonymous_11)
FNDA:0,(anonymous_12)
FNDA:0,(anonymous_13)
FNDA:0,(anonymous_14)
FNDA:0,(anonymous_15)
FNDA:0,(anonymous_16)
FNDA:0,(anonymous_17)
FNDA:0,(anonymous_18)
FNDA:0,(anonymous_19)
FNDA:0,(anonymous_20)
FNDA:0,(anonymous_21)
FNDA:0,(anonymous_22)
FNDA:0,(anonymous_23)
FNDA:0,(anonymous_24)
DA:27,4
DA:32,0
DA:33,0
DA:40,0
DA:41,0
DA:42,0
DA:44,0
DA:46,0
DA:49,0
DA:59,0
DA:61,0
DA:62,0
DA:64,0
DA:65,0
DA:68,0
DA:70,0
DA:71,0
DA:74,0
DA:77,0
DA:78,0
DA:79,0
DA:80,0
DA:81,0
DA:83,0
DA:84,0
DA:85,0
DA:86,0
DA:91,0
DA:92,0
DA:93,0
DA:94,0
DA:95,0
DA:96,0
DA:98,0
DA:99,0
DA:100,0
DA:101,0
DA:105,0
DA:117,0
DA:119,0
DA:120,0
DA:122,0
DA:123,0
DA:126,0
DA:128,0
DA:129,0
DA:132,0
DA:135,0
DA:136,0
DA:137,0
DA:138,0
DA:140,0
DA:141,0
DA:142,0
DA:143,0
DA:147,0
DA:159,0
DA:161,0
DA:162,0
DA:164,0
DA:165,0
DA:168,0
DA:171,0
DA:172,0
DA:173,0
DA:175,0
DA:178,0
DA:179,0
DA:180,0
DA:182,0
DA:185,0
DA:186,0
DA:187,0
DA:190,0
DA:193,0
DA:194,0
DA:195,0
DA:196,0
DA:198,0
DA:199,0
DA:200,0
DA:201,0
DA:205,0
DA:217,0
DA:219,0
DA:220,0
DA:223,0
DA:224,0
DA:225,0
DA:226,0
DA:228,0
DA:229,0
DA:230,0
DA:231,0
DA:232,0
DA:236,0
DA:238,0
DA:239,0
DA:242,0
DA:244,0
DA:245,0
DA:246,0
DA:249,0
DA:251,0
DA:263,0
DA:265,0
DA:266,0
DA:268,0
DA:269,0
DA:272,0
DA:275,0
DA:276,0
DA:277,0
DA:280,0
DA:282,0
DA:283,0
DA:284,0
DA:287,0
DA:290,0
DA:291,0
DA:292,0
DA:293,0
DA:295,0
DA:296,0
DA:297,0
DA:298,0
DA:302,0
DA:314,0
DA:316,0
DA:317,0
DA:319,0
DA:320,0
DA:323,0
DA:325,0
DA:326,0
DA:327,0
DA:330,0
DA:332,0
DA:333,0
DA:335,0
DA:338,0
DA:341,0
DA:342,0
DA:343,0
DA:346,0
DA:347,0
DA:349,0
DA:361,0
DA:363,0
DA:364,0
DA:367,0
DA:368,0
DA:369,0
DA:371,0
DA:374,0
DA:379,0
DA:380,0
DA:381,0
DA:382,0
DA:383,0
DA:384,0
DA:387,0
DA:389,0
DA:400,0
DA:407,0
DA:415,0
DA:417,0
DA:419,0
DA:420,0
DA:421,0
DA:424,0
DA:436,0
DA:438,0
DA:440,0
DA:441,0
DA:442,0
DA:445,0
DA:456,0
DA:463,0
DA:470,0
DA:471,0
LF:181
LH:1
BRDA:41,0,0,0
BRDA:47,1,0,0
BRDA:47,1,1,0
BRDA:59,2,0,0
BRDA:59,2,1,0
BRDA:59,2,2,0
BRDA:64,3,0,0
BRDA:70,4,0,0
BRDA:70,5,0,0
BRDA:70,5,1,0
BRDA:77,6,0,0
BRDA:77,7,0,0
BRDA:77,7,1,0
BRDA:79,8,0,0
BRDA:79,8,1,0
BRDA:80,9,0,0
BRDA:80,9,1,0
BRDA:91,10,0,0
BRDA:91,11,0,0
BRDA:91,11,1,0
BRDA:94,12,0,0
BRDA:94,12,1,0
BRDA:95,13,0,0
BRDA:95,13,1,0
BRDA:117,14,0,0
BRDA:117,14,1,0
BRDA:117,14,2,0
BRDA:122,15,0,0
BRDA:128,16,0,0
BRDA:128,17,0,0
BRDA:128,17,1,0
BRDA:135,18,0,0
BRDA:135,19,0,0
BRDA:135,19,1,0
BRDA:136,20,0,0
BRDA:136,20,1,0
BRDA:137,21,0,0
BRDA:137,21,1,0
BRDA:159,22,0,0
BRDA:159,22,1,0
BRDA:159,22,2,0
BRDA:164,23,0,0
BRDA:172,24,0,0
BRDA:179,25,0,0
BRDA:186,26,0,0
BRDA:193,27,0,0
BRDA:193,28,0,0
BRDA:193,28,1,0
BRDA:194,29,0,0
BRDA:194,29,1,0
BRDA:195,30,0,0
BRDA:195,30,1,0
BRDA:217,31,0,0
BRDA:217,31,1,0
BRDA:217,31,2,0
BRDA:223,32,0,0
BRDA:223,33,0,0
BRDA:223,33,1,0
BRDA:224,34,0,0
BRDA:224,34,1,0
BRDA:225,35,0,0
BRDA:225,35,1,0
BRDA:238,36,0,0
BRDA:245,37,0,0
BRDA:263,38,0,0
BRDA:263,38,1,0
BRDA:263,38,2,0
BRDA:268,39,0,0
BRDA:276,40,0,0
BRDA:283,41,0,0
BRDA:290,42,0,0
BRDA:290,43,0,0
BRDA:290,43,1,0
BRDA:291,44,0,0
BRDA:291,44,1,0
BRDA:292,45,0,0
BRDA:292,45,1,0
BRDA:314,46,0,0
BRDA:314,46,1,0
BRDA:314,46,2,0
BRDA:319,47,0,0
BRDA:326,48,0,0
BRDA:332,49,0,0
BRDA:332,49,1,0
BRDA:361,50,0,0
BRDA:361,50,1,0
BRDA:361,50,2,0
BRDA:367,51,0,0
BRDA:367,51,1,0
BRDA:369,52,0,0
BRDA:369,52,1,0
BRDA:380,53,0,0
BRDA:380,53,1,0
BRDA:383,54,0,0
BRDA:415,55,0,0
BRDA:415,55,1,0
BRDA:415,55,2,0
BRDA:420,56,0,0
BRDA:436,57,0,0
BRDA:436,57,1,0
BRDA:436,57,2,0
BRDA:441,58,0,0
BRDA:470,59,0,0
BRF:103
BRH:0
end_of_record
TN:
SF:src\formatting\orchestration\FormattingCache.ts
FN:45,(anonymous_0)
FN:54,(anonymous_1)
FN:81,(anonymous_2)
FN:119,(anonymous_3)
FN:130,(anonymous_4)
FN:139,(anonymous_5)
FN:159,(anonymous_6)
FN:172,(anonymous_7)
FN:190,(anonymous_8)
FN:198,(anonymous_9)
FN:206,(anonymous_10)
FN:214,(anonymous_11)
FN:219,(anonymous_12)
FN:237,(anonymous_13)
FN:241,(anonymous_14)
FN:247,(anonymous_15)
FN:261,(anonymous_16)
FN:266,(anonymous_17)
FN:274,(anonymous_18)
FN:285,(anonymous_19)
FN:292,(anonymous_20)
FN:298,(anonymous_21)
FN:307,(anonymous_22)
FN:308,(anonymous_23)
FN:316,(anonymous_24)
FN:325,(anonymous_25)
FN:330,(anonymous_26)
FN:345,(anonymous_27)
FN:362,(anonymous_28)
FN:364,(anonymous_29)
FN:381,(anonymous_30)
FN:386,(anonymous_31)
FNF:32
FNH:0
FNDA:0,(anonymous_0)
FNDA:0,(anonymous_1)
FNDA:0,(anonymous_2)
FNDA:0,(anonymous_3)
FNDA:0,(anonymous_4)
FNDA:0,(anonymous_5)
FNDA:0,(anonymous_6)
FNDA:0,(anonymous_7)
FNDA:0,(anonymous_8)
FNDA:0,(anonymous_9)
FNDA:0,(anonymous_10)
FNDA:0,(anonymous_11)
FNDA:0,(anonymous_12)
FNDA:0,(anonymous_13)
FNDA:0,(anonymous_14)
FNDA:0,(anonymous_15)
FNDA:0,(anonymous_16)
FNDA:0,(anonymous_17)
FNDA:0,(anonymous_18)
FNDA:0,(anonymous_19)
FNDA:0,(anonymous_20)
FNDA:0,(anonymous_21)
FNDA:0,(anonymous_22)
FNDA:0,(anonymous_23)
FNDA:0,(anonymous_24)
FNDA:0,(anonymous_25)
FNDA:0,(anonymous_26)
FNDA:0,(anonymous_27)
FNDA:0,(anonymous_28)
FNDA:0,(anonymous_29)
FNDA:0,(anonymous_30)
FNDA:0,(anonymous_31)
DA:30,0
DA:31,0
DA:34,0
DA:43,0
DA:46,0
DA:47,0
DA:48,0
DA:55,0
DA:57,0
DA:58,0
DA:59,0
DA:63,0
DA:64,0
DA:65,0
DA:66,0
DA:67,0
DA:71,0
DA:72,0
DA:73,0
DA:75,0
DA:82,0
DA:83,0
DA:86,0
DA:87,0
DA:89,0
DA:90,0
DA:91,0
DA:92,0
DA:93,0
DA:94,0
DA:97,0
DA:98,0
DA:102,0
DA:111,0
DA:112,0
DA:120,0
DA:121,0
DA:122,0
DA:123,0
DA:131,0
DA:132,0
DA:133,0
DA:145,0
DA:146,0
DA:148,0
DA:165,0
DA:166,0
DA:167,0
DA:169,0
DA:170,0
DA:172,0
DA:173,0
DA:174,0
DA:177,0
DA:191,0
DA:192,0
DA:200,0
DA:207,0
DA:208,0
DA:215,0
DA:216,0
DA:219,0
DA:220,0
DA:221,0
DA:222,0
DA:226,0
DA:227,0
DA:228,0
DA:229,0
DA:230,0
DA:238,0
DA:239,0
DA:241,0
DA:242,0
DA:243,0
DA:247,0
DA:248,0
DA:249,0
DA:250,0
DA:253,0
DA:254,0
DA:262,0
DA:263,0
DA:266,0
DA:267,0
DA:275,0
DA:276,0
DA:277,0
DA:279,0
DA:291,0
DA:292,0
DA:298,0
DA:301,0
DA:308,0
DA:309,0
DA:317,0
DA:319,0
DA:320,0
DA:324,0
DA:325,0
DA:330,0
DA:333,0
DA:334,0
DA:335,0
DA:336,0
DA:337,0
DA:338,0
DA:346,0
DA:347,0
DA:348,0
DA:352,0
DA:353,0
DA:354,0
DA:356,0
DA:363,0
DA:364,0
DA:375,0
DA:382,0
DA:383,0
DA:384,0
DA:386,0
DA:387,0
DA:396,0
DA:397,0
DA:401,0
LF:125
LH:0
BRDA:45,0,0,0
BRDA:45,1,0,0
BRDA:57,2,0,0
BRDA:63,3,0,0
BRDA:87,4,0,0
BRDA:87,4,1,0
BRDA:97,5,0,0
BRDA:121,6,0,0
BRDA:146,7,0,0
BRDA:146,7,1,0
BRDA:166,8,0,0
BRDA:166,8,1,0
BRDA:167,9,0,0
BRDA:167,9,1,0
BRDA:191,10,0,0
BRDA:191,10,1,0
BRDA:220,11,0,0
BRDA:226,12,0,0
BRDA:242,13,0,0
BRDA:253,14,0,0
BRDA:262,15,0,0
BRDA:275,16,0,0
BRDA:285,17,0,0
BRDA:317,18,0,0
BRDA:317,18,1,0
BRDA:319,19,0,0
BRDA:334,20,0,0
BRDA:334,20,1,0
BRF:28
BRH:0
end_of_record
TN:
SF:src\formatting\orchestration\FormattingOrchestrator.ts
FN:40,(anonymous_0)
FN:62,(anonymous_1)
FN:114,(anonymous_2)
FN:132,(anonymous_3)
FN:145,(anonymous_4)
FN:193,(anonymous_5)
FN:204,(anonymous_6)
FN:216,(anonymous_7)
FN:232,(anonymous_8)
FN:244,(anonymous_9)
FN:258,(anonymous_10)
FN:270,(anonymous_11)
FN:283,(anonymous_12)
FN:304,(anonymous_13)
FN:319,(anonymous_14)
FN:343,(anonymous_15)
FN:350,(anonymous_16)
FN:357,(anonymous_17)
FN:364,(anonymous_18)
FN:371,(anonymous_19)
FN:382,(anonymous_20)
FN:383,(anonymous_21)
FN:384,(anonymous_22)
FN:385,(anonymous_23)
FN:386,(anonymous_24)
FN:395,(anonymous_25)
FN:402,(anonymous_26)
FN:403,(anonymous_27)
FN:404,(anonymous_28)
FN:405,(anonymous_29)
FN:406,(anonymous_30)
FNF:31
FNH:0
FNDA:0,(anonymous_0)
FNDA:0,(anonymous_1)
FNDA:0,(anonymous_2)
FNDA:0,(anonymous_3)
FNDA:0,(anonymous_4)
FNDA:0,(anonymous_5)
FNDA:0,(anonymous_6)
FNDA:0,(anonymous_7)
FNDA:0,(anonymous_8)
FNDA:0,(anonymous_9)
FNDA:0,(anonymous_10)
FNDA:0,(anonymous_11)
FNDA:0,(anonymous_12)
FNDA:0,(anonymous_13)
FNDA:0,(anonymous_14)
FNDA:0,(anonymous_15)
FNDA:0,(anonymous_16)
FNDA:0,(anonymous_17)
FNDA:0,(anonymous_18)
FNDA:0,(anonymous_19)
FNDA:0,(anonymous_20)
FNDA:0,(anonymous_21)
FNDA:0,(anonymous_22)
FNDA:0,(anonymous_23)
FNDA:0,(anonymous_24)
FNDA:0,(anonymous_25)
FNDA:0,(anonymous_26)
FNDA:0,(anonymous_27)
FNDA:0,(anonymous_28)
FNDA:0,(anonymous_29)
FNDA:0,(anonymous_30)
DA:13,0
DA:25,0
DA:26,0
DA:28,0
DA:29,0
DA:30,0
DA:32,0
DA:41,0
DA:42,0
DA:43,0
DA:47,0
DA:51,0
DA:66,0
DA:68,0
DA:70,0
DA:73,0
DA:76,0
DA:77,0
DA:78,0
DA:79,0
DA:83,0
DA:84,0
DA:85,0
DA:88,0
DA:91,0
DA:94,0
DA:97,0
DA:99,0
DA:102,0
DA:103,0
DA:104,0
DA:106,0
DA:115,0
DA:116,0
DA:124,0
DA:125,0
DA:134,0
DA:135,0
DA:139,0
DA:150,0
DA:152,0
DA:156,0
DA:158,0
DA:159,0
DA:161,0
DA:162,0
DA:164,0
DA:165,0
DA:167,0
DA:168,0
DA:170,0
DA:173,0
DA:174,0
DA:176,0
DA:186,0
DA:197,0
DA:198,0
DA:210,0
DA:221,0
DA:222,0
DA:226,0
DA:238,0
DA:245,0
DA:246,0
DA:259,0
DA:260,0
DA:261,0
DA:262,0
DA:264,0
DA:271,0
DA:272,0
DA:273,0
DA:274,0
DA:275,0
DA:277,0
DA:284,0
DA:285,0
DA:286,0
DA:287,0
DA:288,0
DA:289,0
DA:292,0
DA:296,0
DA:297,0
DA:298,0
DA:305,0
DA:306,0
DA:307,0
DA:308,0
DA:311,0
DA:324,0
DA:327,0
DA:344,0
DA:351,0
DA:358,0
DA:365,0
DA:372,0
DA:373,0
DA:382,0
DA:383,0
DA:387,0
DA:402,0
DA:407,0
LF:103
LH:0
BRDA:47,0,0,0
BRDA:47,0,1,0
BRDA:51,1,0,0
BRDA:51,1,1,0
BRDA:78,2,0,0
BRDA:115,3,0,0
BRDA:115,4,0,0
BRDA:115,4,1,0
BRDA:124,5,0,0
BRDA:134,6,0,0
BRDA:156,7,0,0
BRDA:156,7,1,0
BRDA:156,7,2,0
BRDA:156,7,3,0
BRDA:156,7,4,0
BRDA:221,8,0,0
BRDA:245,9,0,0
BRDA:262,10,0,0
BRDA:262,10,1,0
BRDA:285,11,0,0
BRDA:305,12,0,0
BRDA:305,13,0,0
BRDA:305,13,1,0
BRDA:332,14,0,0
BRDA:332,14,1,0
BRF:25
BRH:0
end_of_record
TN:
SF:src\formatting\orchestration\FormattingRouter.ts
FN:20,(anonymous_0)
FN:27,(anonymous_1)
FN:420,(anonymous_2)
FN:438,(anonymous_3)
FN:450,(anonymous_4)
FN:489,(anonymous_5)
FN:496,(anonymous_6)
FN:505,(anonymous_7)
FN:514,(anonymous_8)
FN:518,(anonymous_9)
FN:523,(anonymous_10)
FN:533,(anonymous_11)
FN:545,(anonymous_12)
FN:553,(anonymous_13)
FN:557,(anonymous_14)
FN:592,(anonymous_15)
FN:603,(anonymous_16)
FN:620,(anonymous_17)
FN:629,(anonymous_18)
FN:638,(anonymous_19)
FNF:20
FNH:0
FNDA:0,(anonymous_0)
FNDA:0,(anonymous_1)
FNDA:0,(anonymous_2)
FNDA:0,(anonymous_3)
FNDA:0,(anonymous_4)
FNDA:0,(anonymous_5)
FNDA:0,(anonymous_6)
FNDA:0,(anonymous_7)
FNDA:0,(anonymous_8)
FNDA:0,(anonymous_9)
FNDA:0,(anonymous_10)
FNDA:0,(anonymous_11)
FNDA:0,(anonymous_12)
FNDA:0,(anonymous_13)
FNDA:0,(anonymous_14)
FNDA:0,(anonymous_15)
FNDA:0,(anonymous_16)
FNDA:0,(anonymous_17)
FNDA:0,(anonymous_18)
FNDA:0,(anonymous_19)
DA:15,0
DA:16,0
DA:17,0
DA:18,0
DA:21,0
DA:29,0
DA:39,0
DA:49,0
DA:59,0
DA:69,0
DA:79,0
DA:89,0
DA:99,0
DA:109,0
DA:119,0
DA:129,0
DA:139,0
DA:149,0
DA:160,0
DA:170,0
DA:180,0
DA:190,0
DA:200,0
DA:210,0
DA:220,0
DA:230,0
DA:240,0
DA:250,0
DA:260,0
DA:271,0
DA:281,0
DA:292,0
DA:302,0
DA:312,0
DA:322,0
DA:332,0
DA:342,0
DA:352,0
DA:362,0
DA:372,0
DA:382,0
DA:392,0
DA:403,0
DA:414,0
DA:422,0
DA:425,0
DA:428,0
DA:429,0
DA:430,0
DA:431,0
DA:439,0
DA:441,0
DA:454,0
DA:457,0
DA:458,0
DA:459,0
DA:460,0
DA:461,0
DA:465,0
DA:466,0
DA:467,0
DA:471,0
DA:472,0
DA:475,0
DA:481,0
DA:483,0
DA:490,0
DA:498,0
DA:499,0
DA:508,0
DA:515,0
DA:517,0
DA:518,0
DA:519,0
DA:520,0
DA:523,0
DA:526,0
DA:534,0
DA:535,0
DA:537,0
DA:546,0
DA:554,0
DA:555,0
DA:557,0
DA:558,0
DA:559,0
DA:561,0
DA:562,0
DA:565,0
DA:566,0
DA:568,0
DA:569,0
DA:570,0
DA:571,0
DA:575,0
DA:576,0
DA:580,0
DA:581,0
DA:582,0
DA:586,0
DA:598,0
DA:599,0
DA:602,0
DA:603,0
DA:604,0
DA:606,0
DA:608,0
DA:623,0
DA:630,0
DA:639,0
DA:640,0
DA:641,0
DA:643,0
LF:113
LH:0
BRDA:459,0,0,0
BRDA:466,1,0,0
BRDA:471,2,0,0
BRDA:471,3,0,0
BRDA:471,3,1,0
BRDA:515,4,0,0
BRDA:515,4,1,0
BRDA:519,5,0,0
BRDA:534,6,0,0
BRDA:546,7,0,0
BRDA:546,7,1,0
BRDA:558,8,0,0
BRDA:561,9,0,0
BRDA:570,10,0,0
BRDA:581,11,0,0
BRDA:606,12,0,0
BRDA:606,12,1,0
BRDA:640,13,0,0
BRF:18
BRH:0
end_of_record
TN:
SF:src\formatting\orchestration\FormattingStrategyManager.ts
FN:24,(anonymous_0)
FN:31,(anonymous_1)
FN:43,(anonymous_2)
FN:55,(anonymous_3)
FN:68,(anonymous_4)
FN:77,(anonymous_5)
FN:81,(anonymous_6)
FN:82,(anonymous_7)
FN:95,(anonymous_8)
FN:107,(anonymous_9)
FN:116,(anonymous_10)
FN:132,(anonymous_11)
FN:141,(anonymous_12)
FN:196,(anonymous_13)
FN:215,(anonymous_14)
FN:216,(anonymous_15)
FN:218,(anonymous_16)
FN:221,(anonymous_17)
FN:230,(anonymous_18)
FN:232,(anonymous_19)
FN:235,(anonymous_20)
FN:237,(anonymous_21)
FN:238,(anonymous_22)
FNF:23
FNH:0
FNDA:0,(anonymous_0)
FNDA:0,(anonymous_1)
FNDA:0,(anonymous_2)
FNDA:0,(anonymous_3)
FNDA:0,(anonymous_4)
FNDA:0,(anonymous_5)
FNDA:0,(anonymous_6)
FNDA:0,(anonymous_7)
FNDA:0,(anonymous_8)
FNDA:0,(anonymous_9)
FNDA:0,(anonymous_10)
FNDA:0,(anonymous_11)
FNDA:0,(anonymous_12)
FNDA:0,(anonymous_13)
FNDA:0,(anonymous_14)
FNDA:0,(anonymous_15)
FNDA:0,(anonymous_16)
FNDA:0,(anonymous_17)
FNDA:0,(anonymous_18)
FNDA:0,(anonymous_19)
FNDA:0,(anonymous_20)
FNDA:0,(anonymous_21)
FNDA:0,(anonymous_22)
DA:11,0
DA:16,0
DA:17,0
DA:20,0
DA:21,0
DA:22,0
DA:25,0
DA:33,0
DA:34,0
DA:44,0
DA:45,0
DA:46,0
DA:48,0
DA:56,0
DA:57,0
DA:59,0
DA:69,0
DA:79,0
DA:81,0
DA:82,0
DA:84,0
DA:86,0
DA:89,0
DA:104,0
DA:107,0
DA:108,0
DA:116,0
DA:117,0
DA:124,0
DA:133,0
DA:145,0
DA:148,0
DA:149,0
DA:152,0
DA:153,0
DA:156,0
DA:157,0
DA:161,0
DA:162,0
DA:165,0
DA:166,0
DA:169,0
DA:170,0
DA:174,0
DA:175,0
DA:176,0
DA:177,0
DA:180,0
DA:183,0
DA:200,0
DA:210,0
DA:216,0
DA:217,0
DA:218,0
DA:223,0
DA:224,0
DA:225,0
DA:232,0
DA:237,0
DA:238,0
LF:60
LH:0
BRDA:45,0,0,0
BRDA:56,1,0,0
BRDA:56,1,1,0
BRDA:84,2,0,0
BRDA:148,3,0,0
BRDA:148,4,0,0
BRDA:148,4,1,0
BRDA:152,5,0,0
BRDA:152,6,0,0
BRDA:152,6,1,0
BRDA:156,7,0,0
BRDA:156,8,0,0
BRDA:156,8,1,0
BRDA:161,9,0,0
BRDA:165,10,0,0
BRDA:169,11,0,0
BRDA:176,12,0,0
BRDA:176,13,0,0
BRDA:176,13,1,0
BRDA:176,13,2,0
BRDA:224,14,0,0
BRF:21
BRH:0
end_of_record
TN:
SF:src\formatting\orchestration\FormattingVisitor.ts
FN:22,(anonymous_0)
FN:33,(anonymous_1)
FN:57,(anonymous_2)
FN:77,(anonymous_3)
FN:113,(anonymous_4)
FN:133,(anonymous_5)
FN:143,(anonymous_6)
FN:150,(anonymous_7)
FN:175,(anonymous_8)
FN:183,(anonymous_9)
FN:205,(anonymous_10)
FN:219,(anonymous_11)
FN:238,(anonymous_12)
FN:245,(anonymous_13)
FN:252,(anonymous_14)
FN:267,(anonymous_15)
FN:277,(anonymous_16)
FN:286,(anonymous_17)
FN:294,(anonymous_18)
FNF:19
FNH:0
FNDA:0,(anonymous_0)
FNDA:0,(anonymous_1)
FNDA:0,(anonymous_2)
FNDA:0,(anonymous_3)
FNDA:0,(anonymous_4)
FNDA:0,(anonymous_5)
FNDA:0,(anonymous_6)
FNDA:0,(anonymous_7)
FNDA:0,(anonymous_8)
FNDA:0,(anonymous_9)
FNDA:0,(anonymous_10)
FNDA:0,(anonymous_11)
FNDA:0,(anonymous_12)
FNDA:0,(anonymous_13)
FNDA:0,(anonymous_14)
FNDA:0,(anonymous_15)
FNDA:0,(anonymous_16)
FNDA:0,(anonymous_17)
FNDA:0,(anonymous_18)
DA:11,0
DA:13,0
DA:17,0
DA:20,0
DA:23,0
DA:24,0
DA:25,0
DA:34,0
DA:35,0
DA:39,0
DA:40,0
DA:43,0
DA:46,0
DA:47,0
DA:48,0
DA:50,0
DA:59,0
DA:60,0
DA:64,0
DA:66,0
DA:67,0
DA:71,0
DA:82,0
DA:83,0
DA:84,0
DA:85,0
DA:88,0
DA:91,0
DA:92,0
DA:93,0
DA:96,0
DA:100,0
DA:103,0
DA:106,0
DA:114,0
DA:116,0
DA:118,0
DA:120,0
DA:122,0
DA:124,0
DA:126,0
DA:134,0
DA:135,0
DA:137,0
DA:144,0
DA:151,0
DA:153,0
DA:155,0
DA:156,0
DA:157,0
DA:158,0
DA:159,0
DA:160,0
DA:165,0
DA:168,0
DA:176,0
DA:177,0
DA:184,0
DA:185,0
DA:187,0
DA:192,0
DA:193,0
DA:195,0
DA:198,0
DA:207,0
DA:208,0
DA:211,0
DA:212,0
DA:213,0
DA:220,0
DA:221,0
DA:222,0
DA:223,0
DA:226,0
DA:227,0
DA:228,0
DA:229,0
DA:239,0
DA:246,0
DA:257,0
DA:280,0
DA:297,0
LF:82
LH:0
BRDA:34,0,0,0
BRDA:39,1,0,0
BRDA:59,2,0,0
BRDA:66,3,0,0
BRDA:84,4,0,0
BRDA:92,5,0,0
BRDA:114,6,0,0
BRDA:114,6,1,0
BRDA:114,6,2,0
BRDA:114,6,3,0
BRDA:114,6,4,0
BRDA:114,6,5,0
BRDA:134,7,0,0
BRDA:135,8,0,0
BRDA:135,8,1,0
BRDA:157,9,0,0
BRDA:159,10,0,0
BRDA:176,11,0,0
BRDA:176,11,1,0
BRDA:184,12,0,0
BRDA:184,12,1,0
BRDA:207,13,0,0
BRDA:208,14,0,0
BRDA:208,14,1,0
BRDA:220,15,0,0
BRDA:220,15,1,0
BRDA:222,16,0,0
BRDA:228,17,0,0
BRF:28
BRH:0
end_of_record
TN:
SF:src\formatting\orchestration\PerformanceMonitor.ts
FN:48,(anonymous_0)
FN:55,(anonymous_1)
FN:69,(anonymous_2)
FN:92,(anonymous_3)
FN:101,(anonymous_4)
FN:110,(anonymous_5)
FN:112,(anonymous_6)
FN:126,(anonymous_7)
FN:143,(anonymous_8)
FN:152,(anonymous_9)
FN:178,(anonymous_10)
FN:180,(anonymous_11)
FN:190,(anonymous_12)
FN:200,(anonymous_13)
FN:235,(anonymous_14)
FN:243,(anonymous_15)
FN:250,(anonymous_16)
FN:251,(anonymous_17)
FN:254,(anonymous_18)
FN:255,(anonymous_19)
FN:258,(anonymous_20)
FN:260,(anonymous_21)
FN:261,(anonymous_22)
FN:263,(anonymous_23)
FN:298,(anonymous_24)
FN:308,(anonymous_25)
FN:310,(anonymous_26)
FN:319,(anonymous_27)
FN:330,(anonymous_28)
FN:338,(anonymous_29)
FN:348,(anonymous_30)
FNF:31
FNH:0
FNDA:0,(anonymous_0)
FNDA:0,(anonymous_1)
FNDA:0,(anonymous_2)
FNDA:0,(anonymous_3)
FNDA:0,(anonymous_4)
FNDA:0,(anonymous_5)
FNDA:0,(anonymous_6)
FNDA:0,(anonymous_7)
FNDA:0,(anonymous_8)
FNDA:0,(anonymous_9)
FNDA:0,(anonymous_10)
FNDA:0,(anonymous_11)
FNDA:0,(anonymous_12)
FNDA:0,(anonymous_13)
FNDA:0,(anonymous_14)
FNDA:0,(anonymous_15)
FNDA:0,(anonymous_16)
FNDA:0,(anonymous_17)
FNDA:0,(anonymous_18)
FNDA:0,(anonymous_19)
FNDA:0,(anonymous_20)
FNDA:0,(anonymous_21)
FNDA:0,(anonymous_22)
FNDA:0,(anonymous_23)
FNDA:0,(anonymous_24)
FNDA:0,(anonymous_25)
FNDA:0,(anonymous_26)
FNDA:0,(anonymous_27)
FNDA:0,(anonymous_28)
FNDA:0,(anonymous_29)
FNDA:0,(anonymous_30)
DA:35,0
DA:36,0
DA:37,0
DA:38,0
DA:39,0
DA:45,0
DA:46,0
DA:49,0
DA:56,0
DA:57,0
DA:62,0
DA:63,0
DA:70,0
DA:71,0
DA:72,0
DA:73,0
DA:76,0
DA:77,0
DA:80,0
DA:81,0
DA:84,0
DA:86,0
DA:93,0
DA:94,0
DA:95,0
DA:102,0
DA:103,0
DA:104,0
DA:111,0
DA:112,0
DA:114,0
DA:127,0
DA:128,0
DA:129,0
DA:130,0
DA:136,0
DA:137,0
DA:144,0
DA:145,0
DA:146,0
DA:153,0
DA:154,0
DA:156,0
DA:157,0
DA:158,0
DA:165,0
DA:168,0
DA:169,0
DA:170,0
DA:171,0
DA:172,0
DA:180,0
DA:181,0
DA:184,0
DA:191,0
DA:192,0
DA:194,0
DA:231,0
DA:234,0
DA:235,0
DA:243,0
DA:246,0
DA:247,0
DA:249,0
DA:250,0
DA:251,0
DA:253,0
DA:254,0
DA:255,0
DA:258,0
DA:259,0
DA:260,0
DA:261,0
DA:263,0
DA:270,0
DA:271,0
DA:277,0
DA:299,0
DA:300,0
DA:303,0
DA:304,0
DA:308,0
DA:309,0
DA:310,0
DA:314,0
DA:315,0
DA:319,0
DA:320,0
DA:321,0
DA:324,0
DA:331,0
DA:332,0
DA:345,0
DA:346,0
DA:348,0
DA:349,0
DA:351,0
LF:97
LH:0
BRDA:71,0,0,0
BRDA:94,1,0,0
BRDA:94,1,1,0
BRDA:103,2,0,0
BRDA:103,2,1,0
BRDA:154,3,0,0
BRDA:154,3,1,0
BRDA:157,4,0,0
BRDA:181,5,0,0
BRDA:181,5,1,0
BRDA:191,6,0,0
BRDA:191,7,0,0
BRDA:191,7,1,0
BRDA:247,8,0,0
BRDA:247,8,1,0
BRDA:258,9,0,0
BRDA:258,9,1,0
BRDA:261,10,0,0
BRDA:261,10,1,0
BRDA:261,11,0,0
BRDA:261,11,1,0
BRDA:265,12,0,0
BRDA:265,12,1,0
BRDA:271,13,0,0
BRDA:271,13,1,0
BRDA:303,14,0,0
BRDA:309,15,0,0
BRDA:314,16,0,0
BRDA:314,17,0,0
BRDA:314,17,1,0
BRDA:320,18,0,0
BRDA:346,19,0,0
BRDA:346,19,1,0
BRDA:348,20,0,0
BRDA:348,20,1,0
BRDA:349,21,0,0
BRDA:349,21,1,0
BRF:37
BRH:0
end_of_record
TN:
SF:src\formatting\orchestration\types.ts
FN:12,(anonymous_0)
FN:22,(anonymous_1)
FNF:2
FNH:0
FNDA:0,(anonymous_0)
FNDA:0,(anonymous_1)
DA:12,0
DA:13,0
DA:14,0
DA:15,0
DA:16,0
DA:22,0
DA:23,0
DA:24,0
DA:25,0
DA:26,0
LF:10
LH:0
BRDA:12,0,0,0
BRDA:12,0,1,0
BRDA:22,1,0,0
BRDA:22,1,1,0
BRF:4
BRH:0
end_of_record
TN:
SF:src\formatting\orchestration\strategies\CompactStrategy.ts
FN:17,(anonymous_0)
FN:25,(anonymous_1)
FN:47,(anonymous_2)
FN:69,(anonymous_3)
FN:109,(anonymous_4)
FN:150,(anonymous_5)
FN:216,(anonymous_6)
FN:261,(anonymous_7)
FN:272,(anonymous_8)
FN:282,(anonymous_9)
FN:289,(anonymous_10)
FN:304,(anonymous_11)
FN:318,(anonymous_12)
FN:340,(anonymous_13)
FN:348,(anonymous_14)
FNF:15
FNH:0
FNDA:0,(anonymous_0)
FNDA:0,(anonymous_1)
FNDA:0,(anonymous_2)
FNDA:0,(anonymous_3)
FNDA:0,(anonymous_4)
FNDA:0,(anonymous_5)
FNDA:0,(anonymous_6)
FNDA:0,(anonymous_7)
FNDA:0,(anonymous_8)
FNDA:0,(anonymous_9)
FNDA:0,(anonymous_10)
FNDA:0,(anonymous_11)
FNDA:0,(anonymous_12)
FNDA:0,(anonymous_13)
FNDA:0,(anonymous_14)
DA:10,0
DA:17,0
DA:18,0
DA:19,0
DA:20,0
DA:26,0
DA:29,0
DA:32,0
DA:35,0
DA:38,0
DA:41,0
DA:48,0
DA:50,0
DA:51,0
DA:70,0
DA:72,0
DA:73,0
DA:110,0
DA:112,0
DA:113,0
DA:151,0
DA:153,0
DA:154,0
DA:217,0
DA:218,0
DA:263,0
DA:266,0
DA:267,0
DA:271,0
DA:272,0
DA:273,0
DA:276,0
DA:283,0
DA:290,0
DA:305,0
DA:319,0
DA:322,0
DA:323,0
DA:327,0
DA:328,0
DA:331,0
DA:341,0
DA:342,0
DA:343,0
DA:344,0
DA:347,0
DA:348,0
DA:349,0
DA:351,0
LF:49
LH:0
BRDA:50,0,0,0
BRDA:53,1,0,0
BRDA:53,1,1,0
BRDA:72,2,0,0
BRDA:112,3,0,0
BRDA:115,4,0,0
BRDA:115,4,1,0
BRDA:153,5,0,0
BRDA:217,6,0,0
BRDA:266,7,0,0
BRDA:322,8,0,0
BRDA:322,9,0,0
BRDA:322,9,1,0
BRDA:327,10,0,0
BRDA:327,11,0,0
BRDA:327,11,1,0
BRF:16
BRH:0
end_of_record
TN:
SF:src\formatting\orchestration\strategies\StandardStrategy.ts
FN:17,(anonymous_0)
FN:25,(anonymous_1)
FN:47,(anonymous_2)
FN:72,(anonymous_3)
FN:109,(anonymous_4)
FN:144,(anonymous_5)
FN:206,(anonymous_6)
FN:246,(anonymous_7)
FN:254,(anonymous_8)
FN:261,(anonymous_9)
FN:275,(anonymous_10)
FNF:11
FNH:0
FNDA:0,(anonymous_0)
FNDA:0,(anonymous_1)
FNDA:0,(anonymous_2)
FNDA:0,(anonymous_3)
FNDA:0,(anonymous_4)
FNDA:0,(anonymous_5)
FNDA:0,(anonymous_6)
FNDA:0,(anonymous_7)
FNDA:0,(anonymous_8)
FNDA:0,(anonymous_9)
FNDA:0,(anonymous_10)
DA:10,0
DA:17,0
DA:18,0
DA:19,0
DA:20,0
DA:26,0
DA:29,0
DA:32,0
DA:35,0
DA:38,0
DA:41,0
DA:48,0
DA:51,0
DA:52,0
DA:56,0
DA:57,0
DA:73,0
DA:76,0
DA:77,0
DA:110,0
DA:112,0
DA:113,0
DA:145,0
DA:147,0
DA:148,0
DA:207,0
DA:208,0
DA:248,0
DA:255,0
DA:262,0
DA:276,0
DA:279,0
DA:280,0
DA:284,0
DA:285,0
DA:288,0
LF:36
LH:0
BRDA:51,0,0,0
BRDA:51,0,1,0
BRDA:56,1,0,0
BRDA:76,2,0,0
BRDA:92,3,0,0
BRDA:92,3,1,0
BRDA:112,4,0,0
BRDA:115,5,0,0
BRDA:115,5,1,0
BRDA:123,6,0,0
BRDA:123,6,1,0
BRDA:147,7,0,0
BRDA:207,8,0,0
BRDA:227,9,0,0
BRDA:227,9,1,0
BRDA:279,10,0,0
BRDA:279,11,0,0
BRDA:279,11,1,0
BRDA:279,11,2,0
BRDA:284,12,0,0
BRDA:284,13,0,0
BRDA:284,13,1,0
BRDA:284,13,2,0
BRF:23
BRH:0
end_of_record
TN:
SF:src\formatting\types\interfaces.ts
FN:225,(anonymous_0)
FN:239,(anonymous_1)
FNF:2
FNH:2
FNDA:4,(anonymous_0)
FNDA:4,(anonymous_1)
DA:225,4
DA:226,4
DA:227,4
DA:228,4
DA:239,4
DA:240,4
DA:241,4
DA:242,4
DA:243,4
DA:244,4
LF:10
LH:10
BRDA:225,0,0,4
BRDA:225,0,1,4
BRDA:239,1,0,4
BRDA:239,1,1,4
BRF:4
BRH:4
end_of_record
